System.Reflection.TargetInvocationException: Exception has been thrown by the target of an invocation. ---> System.TypeInitializationException: The type initializer for 'BepInEx.Preloader.Unity.UnityPreloader' threw an exception. ---> System.IO.IOException: Sharing violation on path C:\Users\marlo\Downloads\Compressed\Github\V8SO-Online\V8SO-Unity\Build\Windows\V8GO-DEBUG2 - Online\BepInEx\config\BepInEx.cfg
  at System.IO.FileStream..ctor (System.String path, System.IO.FileMode mode, System.IO.FileAccess access, System.IO.FileShare share, System.Int32 bufferSize, System.Boolean anonymous, System.IO.FileOptions options) [0x0019e] in <231f6c5a042647adb84a9cc42c982c35>:0 
  at System.IO.FileStream..ctor (System.String path, System.IO.FileMode mode, System.IO.FileAccess access, System.IO.FileShare share, System.Int32 bufferSize, System.IO.FileOptions options) [0x00000] in <231f6c5a042647adb84a9cc42c982c35>:0 
  at (wrapper remoting-invoke-with-check) System.IO.FileStream..ctor(string,System.IO.FileMode,System.IO.FileAccess,System.IO.FileShare,int,System.IO.FileOptions)
  at System.IO.StreamWriter..ctor (System.String path, System.Boolean append, System.Text.Encoding encoding, System.Int32 bufferSize) [0x00055] in <231f6c5a042647adb84a9cc42c982c35>:0 
  at System.IO.StreamWriter..ctor (System.String path, System.Boolean append, System.Text.Encoding encoding) [0x00000] in <231f6c5a042647adb84a9cc42c982c35>:0 
  at (wrapper remoting-invoke-with-check) System.IO.StreamWriter..ctor(string,bool,System.Text.Encoding)
  at BepInEx.Configuration.ConfigFile.Save () [0x0002f] in <52a40f0507f5457b96494c74b45447c9>:0 
  at BepInEx.Configuration.ConfigFile.OnSettingChanged (System.Object sender, BepInEx.Configuration.ConfigEntryBase changedEntryBase) [0x00016] in <52a40f0507f5457b96494c74b45447c9>:0 
  at BepInEx.Configuration.ConfigEntryBase.OnSettingChanged (System.Object sender) [0x00006] in <52a40f0507f5457b96494c74b45447c9>:0 
  at BepInEx.Configuration.ConfigEntry`1[T].set_Value (T value) [0x00029] in <52a40f0507f5457b96494c74b45447c9>:0 
  at BepInEx.Configuration.ConfigEntry`1[T].set_BoxedValue (System.Object value) [0x00000] in <52a40f0507f5457b96494c74b45447c9>:0 
  at BepInEx.Configuration.ConfigEntryBase..ctor (BepInEx.Configuration.ConfigFile configFile, BepInEx.Configuration.ConfigDefinition definition, System.Type settingType, System.Object defaultValue, BepInEx.Configuration.ConfigDescription configDescription) [0x00096] in <52a40f0507f5457b96494c74b45447c9>:0 
  at BepInEx.Configuration.ConfigEntry`1[T]..ctor (BepInEx.Configuration.ConfigFile configFile, BepInEx.Configuration.ConfigDefinition definition, System.Boolean defaultValue, BepInEx.Configuration.ConfigDescription configDescription) [0x00000] in <52a40f0507f5457b96494c74b45447c9>:0 
  at BepInEx.Configuration.ConfigFile.Bind[T] (BepInEx.Configuration.ConfigDefinition configDefinition, T defaultValue, BepInEx.Configuration.ConfigDescription configDescription) [0x0008a] in <52a40f0507f5457b96494c74b45447c9>:0 
  at BepInEx.Configuration.ConfigFile.Bind[T] (System.String section, System.String key, T defaultValue, System.String description) [0x00017] in <52a40f0507f5457b96494c74b45447c9>:0 
  at BepInEx.Preloader.Unity.UnityPreloader..cctor () [0x00005] in <0a3cbb2b4e0845f19cd08b8660dd775f>:0 
   --- End of inner exception stack trace ---
  at BepInEx.Preloader.Unity.UnityPreloaderRunner.PreloaderPreMain () [0x0005c] in <0a3cbb2b4e0845f19cd08b8660dd775f>:0 
  at (wrapper managed-to-native) System.Reflection.RuntimeMethodInfo.InternalInvoke(System.Reflection.RuntimeMethodInfo,object,object[],System.Exception&)
  at System.Reflection.RuntimeMethodInfo.Invoke (System.Object obj, System.Reflection.BindingFlags invokeAttr, System.Reflection.Binder binder, System.Object[] parameters, System.Globalization.CultureInfo culture) [0x0006a] in <231f6c5a042647adb84a9cc42c982c35>:0 
   --- End of inner exception stack trace ---
  at System.Reflection.RuntimeMethodInfo.Invoke (System.Object obj, System.Reflection.BindingFlags invokeAttr, System.Reflection.Binder binder, System.Object[] parameters, System.Globalization.CultureInfo culture) [0x00083] in <231f6c5a042647adb84a9cc42c982c35>:0 
  at System.Reflection.MethodBase.Invoke (System.Object obj, System.Object[] parameters) [0x00000] in <231f6c5a042647adb84a9cc42c982c35>:0 
  at BepInEx.Preloader.Unity.DoorstopEntrypoint.Main () [0x0008b] in <0a3cbb2b4e0845f19cd08b8660dd775f>:0 