[Message: Preloader] BepInEx 6.0.0-pre.1 - V8SO
[Info   :   BepInEx] System platform: Windows 10 64-bit
[Info   :   BepInEx] Process bitness: 64-bit (x64)
[Info   : Preloader] Running under Unity v2022.1.0.2267647
[Info   : Preloader] CLR runtime version: 4.0.30319.42000
[Info   : Preloader] Supports SRE: True
[Message: Preloader] Preloader started
[Info   :AssemblyPatcher] Loaded 1 patcher type from [BepInEx.Preloader.Unity 6.0.0.0]
[Info   : Preloader] 1 patcher plugin loaded
[Info   : Preloader] 138 assemblies discovered
[Message:AssemblyPatcher] Executing 1 patch(es)
[Message: Preloader] Preloader finished
[Message:   BepInEx] Chainloader initialized
[Info   :   BepInEx] 1 plugin to load
[Info   :   BepInEx] Loading [V2Unity Discord Intercept 0.0.7-alpha]
[Message:   BepInEx] Chainloader startup complete
[Info   :   Console] Rewired is not initialized. Do you have a Rewired Input Manager in the scene and enabled?
------- Rewired System Info -------
Unity version: 2021.2.0b11
Rewired version: 1.1.44.0.U2020
Platform: Unknown
Using Unity input: False

[Info   :   Console] Rewired is not initialized. Do you have a Rewired Input Manager in the scene and enabled?
------- Rewired System Info -------
Unity version: 2021.2.0b11
Rewired version: 1.1.44.0.U2020
Platform: Unknown
Using Unity input: False

[Info   :   Console] Rewired is not initialized. Do you have a Rewired Input Manager in the scene and enabled?
------- Rewired System Info -------
Unity version: 2021.2.0b11
Rewired version: 1.1.44.0.U2020
Platform: Unknown
Using Unity input: False

[Info   :   Console] Rewired is not initialized. Do you have a Rewired Input Manager in the scene and enabled?
------- Rewired System Info -------
Unity version: 2021.2.0b11
Rewired version: 1.1.44.0.U2020
Platform: Unknown
Using Unity input: False

[Info   :   Console] Rewired is not initialized. Do you have a Rewired Input Manager in the scene and enabled?
------- Rewired System Info -------
Unity version: 2021.2.0b11
Rewired version: 1.1.44.0.U2020
Platform: Unknown
Using Unity input: False

