Mono path[0] = 'C:/Users/marlo/Downloads/Compressed/Github/V8SO-Online/V8SO-Unity/Build/Windows/V8GO-DEBUG2/V8SO_Data/Managed'
Mono config path = 'C:/Users/marlo/Downloads/Compressed/Github/V8SO-Online/V8SO-Unity/Build/Windows/V8GO-DEBUG2/MonoBleedingEdge/etc'
Fallback handler could not load library C:/Users/marlo/Downloads/Compressed/Github/V8SO-Online/V8SO-Unity/Build/Windows/V8GO-DEBUG2/V8SO_Data/MonoBleedingEdge/data-0000025124A2B020.dll
Fallback handler could not load library C:/Users/marlo/Downloads/Compressed/Github/V8SO-Online/V8SO-Unity/Build/Windows/V8GO-DEBUG2/V8SO_Data/MonoBleedingEdge/data-000002512A582040.dll
Loading player data from C:/Users/marlo/Downloads/Compressed/Github/V8SO-Online/V8SO-Unity/Build/Windows/V8GO-DEBUG2/V8SO_Data/data.unity3d
Initialize engine version: 2021.2.0b11 (0bffbba03cb9)
[Subsystems] Discovering subsystems at path C:/Users/marlo/Downloads/Compressed/Github/V8SO-Online/V8SO-Unity/Build/Windows/V8GO-DEBUG2/V8SO_Data/UnitySubsystems
GfxDevice: creating device client; threaded=1; jobified=1
d3d12: loaded!
Direct3D:
    Version:         Direct3D 12 [level 12.0]
    Renderer:        Radeon (TM) RX 480 Graphics (ID=0x67df)
    Vendor:          ATI
    VRAM:            4074 MB
    App VRAM Budget: 3463 MB
    Driver:          31.0.14057.5006
Begin MonoManager ReloadAssembly
- Completed reload, in  0.450 seconds
[Message: Preloader] BepInEx 6.0.0-pre.1 - V8SO
[Info   :   BepInEx] System platform: Windows 10 64-bit
[Info   :   BepInEx] Process bitness: 64-bit (x64)
[Info   : Preloader] Running under Unity v2022.1.0.2267647
[Info   : Preloader] CLR runtime version: 4.0.30319.42000
[Info   : Preloader] Supports SRE: True
[Message: Preloader] Preloader started
[Info   :AssemblyPatcher] Loaded 1 patcher type from [BepInEx.Preloader.Unity 6.0.0.0]
[Info   : Preloader] 1 patcher plugin loaded
[Info   : Preloader] 139 assemblies discovered
[Message:AssemblyPatcher] Executing 1 patch(es)
[Message: Preloader] Preloader finished
[Message:   BepInEx] Chainloader initialized
[Info   :   BepInEx] 1 plugin to load
[Info   :   BepInEx] Loading [V2Unity Discord Intercept 0.0.7-alpha]
[Message:   BepInEx] Chainloader startup complete
<RI> Initializing input.
<RI> Input initialized.
D3D11 device created for Microsoft Media Foundation video decoding.
<RI> Initialized touch support.
Serialization depth limit 10 exceeded at 'TrackList.list'. There may be an object composition cycle in one or more of your serialized classes.

Serialization hierarchy:
11: TrackList.list
10: TrackList.tracks
9: TrackList.tracks
8: TrackList.tracks
7: TrackList.tracks
6: TrackList.tracks
5: TrackList.tracks
4: TrackList.tracks
3: TrackList.tracks
2: TrackList.tracks
1: TrackList.tracks
0: MusicManager.musicList
Serialization depth limit 10 exceeded at 'TrackList.list'. There may be an object composition cycle in one or more of your serialized classes.

Serialization hierarchy:
11: TrackList.list
10: TrackList.tracks
9: TrackList.tracks
8: TrackList.tracks
7: TrackList.tracks
6: TrackList.tracks
5: TrackList.tracks
4: TrackList.tracks
3: TrackList.tracks
2: TrackList.tracks
1: TrackList.tracks
0: TrackList.tracks
UnloadTime: 1.173200 ms
folderName: Music\V82DCProto
Paso...: Totally Random
folderName: Music\V82PS1
Paso...: V8:2O DC Beta
folderName: Music\V81PS1
Paso...: V8:2O PS1
folderName: Music\V82N64
Paso...: V8 PS1
folderName: Music\V81N64
Paso...: V8:2O N64
Setting up 6 worker threads for Enlighten.
Music clip loaded successfully.
Music clip loaded successfully.
MODE: 1
evg joined.
Music clip loaded successfully.
Music clip loaded successfully.
Music clip loaded successfully.
Music clip loaded successfully.
Scene Set: 2
Scene Set: 1
Scene Set: 2
Scene Set: 3
Scene Set: 1
MODE: 0
MODE: 1
Music clip loaded successfully.
Music clip loaded successfully.
Music clip loaded successfully.
Player joined.
Player joined.
MODE: 1
Scene Set: 1
Multiplayer Iniciado
Jugadores-Capacidad: 18
Jugadores-Cantidad: 18
Enemy: 1
Enemy: 2
Enemy: 3
Enemy: 4
Enemy: 5
Enemy: 6
Unloading 6 Unused Serialized files (Serialized files now loaded: 0)
Scene Precargada: ROUTE66-GameTags
Scene Precargada: ROUTE66-GameTags
UnloadTime: 8.234400 ms
Read: WUNDER
Read: TBOLT
Read: STNTBIKE
Read: TOWTRUCK
Read: TRUCK
Read: CARAVLLE
Read: CORSAIR
Read: ELGUERRO
Read: BUS
Read: EXCELSR
Read: TSUNAMI
Read: MARATHON
Read: LUNAR
Read: GRBLDER
Read: STINGER
Read: VERTIGO
Read: HALFTRAK
Read: FRONTIER
Read: WHEELS
Read: STUFF
Read: WUNDER_plus
Read: TBOLT_plus
Read: STNTBIKE_plus
Read: TOWTRUCK_plus
Read: TRUCK_plus
Read: CARAVLLE_plus
Read: CORSAIR_plus
Read: ELGUERRO_plus
Read: BUS_plus
Read: EXCELSR_plus
Read: TSUNAMI_plus
Read: MARATHON_plus
Read: LUNAR_plus
Read: GRBLDER_plus
Read: STINGER_plus
Read: VERTIGO_plus
Read: HALFTRAK_plus
Read: FRONTIER_plus
Read: XOBF00
Read: XOBF01
_preset 0
pym7: 4
pym7: 4
pym7: 4
pym7: 4
arg1 TBOLT_plus (XOBF_DB)
args2 Thunderbolt
typeof(Vehicle) Vehicle
arg3 False
pym7: 4
pym7: 4
pym7: 8
pym7: 8
Pickup Number: 12
SpawnPickup
Pass..
arg1 VERTIGO (XOBF_DB)
args2 Vertigo
typeof(Vehicle) Vehicle
arg3 False
pym7: 48
pym7: 48
pym7: 48
pym7: 48
instantiateunint: 1
instantiateUnit: Unit(Clone) (UnityEngine.UI.RawImage)
arg1 CORSAIR (XOBF_DB)
args2 Palomino
typeof(Vehicle) Vehicle
arg3 False
pym7: 0
pym7: 0
pym7: 0
pym7: 0
instantiateunint: 1
instantiateUnit: Unit(Clone) (UnityEngine.UI.RawImage)
arg1 TOWTRUCK (XOBF_DB)
args2 SamsonTow
typeof(Vehicle) Vehicle
arg3 False
pym7: 8
pym7: 8
pym7: 8
pym7: 8
instantiateunint: 1
instantiateUnit: Unit(Clone) (UnityEngine.UI.RawImage)
arg1 MARATHON (XOBF_DB)
args2 Marathon
typeof(Vehicle) Vehicle
arg3 False
pym7: 36
pym7: 36
pym7: 36
pym7: 36
instantiateunint: 1
instantiateUnit: Unit(Clone) (UnityEngine.UI.RawImage)
arg1 BUS (XOBF_DB)
args2 BlueBurro
typeof(Vehicle) Vehicle
arg3 False
pym7: 32
pym7: 32
pym7: 32
pym7: 32
pym7: 40
pym7: 40
instantiateunint: 1
instantiateUnit: Unit(Clone) (UnityEngine.UI.RawImage)
arg1 TSUNAMI (XOBF_DB)
args2 Tsunami
typeof(Vehicle) Vehicle
arg3 False
pym7: 0
pym7: 0
pym7: 0
instantiateunint: 1
instantiateUnit: Unit(Clone) (UnityEngine.UI.RawImage)
Pickup Number: 5
SpawnPickup
Pass..
Pickup Number: 5
SpawnPickup
Pass..
Pickup Number: 14
SpawnPickup
Pass..
Pickup Number: 12
SpawnPickup
Pass..
Pickup Number: 5
SpawnPickup
Pass..
Pickup Number: 5
SpawnPickup
Pass..
Pickup Number: 13
SpawnPickup
Pass..
Pickup Number: 6
SpawnPickup
Pass..
Pickup Number: 5
SpawnPickup
Pass..
Pickup Number: 6
SpawnPickup
Pass..
Pickup Number: 15
SpawnPickup
Pass..
Pickup Number: 10
SpawnPickup
Pass..
Pickup Number: 5
SpawnPickup
Pass..
Pickup Number: 13
SpawnPickup
Pass..
Pickup Number: 5
SpawnPickup
Pass..
Pickup Number: 6
SpawnPickup
Pass..
Pickup Number: 11
SpawnPickup
Pass..
Pickup Number: 5
SpawnPickup
Pass..
Pickup Number: 5
SpawnPickup
Pass..
Pickup Number: 12
SpawnPickup
Pass..
Pickup Number: 5
SpawnPickup
Pass..
Pickup Number: 4
SpawnPickup
Pass..
Pickup Number: 2
SpawnPickup
Pass..
Pickup Number: 2
SpawnPickup
Pass..
Pickup Number: 0
SpawnPickup
Pass..
Pickup Number: 2
SpawnPickup
Pass..
Pickup Number: 2
SpawnPickup
Pass..
Pickup Number: 3
SpawnPickup
Pass..
Pickup Number: 2
SpawnPickup
Pass..
Pickup Number: 0
SpawnPickup
Pass..
Pickup Number: 2
SpawnPickup
Pass..
Pickup Number: 2
SpawnPickup
Pass..
Pickup Number: 4
SpawnPickup
Pass..
Pickup Number: 2
SpawnPickup
Pass..
Pickup Number: 2
SpawnPickup
Pass..
Pickup Number: 7
SpawnPickup
Pass..
Pickup Number: 7
SpawnPickup
Pass..
Pickup Number: 7
SpawnPickup
Pass..
Unloading 36 unused Assets to reduce memory usage. Loaded Objects now: 9270.
Total: 19.121500 ms (FindLiveObjects: 0.971800 ms CreateObjectMapping: 0.540600 ms MarkObjects: 17.084300 ms  DeleteObjects: 0.524300 ms)

Music clip loaded successfully.
Unloading 4 Unused Serialized files (Serialized files now loaded: 0)
UnloadTime: 7.874400 ms
Unloading 269 unused Assets to reduce memory usage. Loaded Objects now: 7475.
Total: 15.719700 ms (FindLiveObjects: 0.674500 ms CreateObjectMapping: 0.351100 ms MarkObjects: 13.970000 ms  DeleteObjects: 0.722900 ms)

Unloading 3 Unused Serialized files (Serialized files now loaded: 0)
UnloadTime: 2.075200 ms
Unloading 3 unused Assets to reduce memory usage. Loaded Objects now: 7475.
Total: 16.144200 ms (FindLiveObjects: 0.544800 ms CreateObjectMapping: 0.226300 ms MarkObjects: 15.299900 ms  DeleteObjects: 0.072800 ms)

Enemy: 1
Enemy: 2
Enemy: 3
Enemy: 4
Enemy: 5
Enemy: 6
Unloading 5 Unused Serialized files (Serialized files now loaded: 0)
Scene Precargada: ROUTE66-GameTags
Scene Precargada: ROUTE66-GameTags
UnloadTime: 3.725600 ms
Read: WUNDER
Read: TBOLT
Read: STNTBIKE
Read: TOWTRUCK
Read: TRUCK
Read: CARAVLLE
Read: CORSAIR
Read: ELGUERRO
Read: BUS
Read: EXCELSR
Read: TSUNAMI
Read: MARATHON
Read: LUNAR
Read: GRBLDER
Read: STINGER
Read: VERTIGO
Read: HALFTRAK
Read: FRONTIER
Read: WHEELS
Read: STUFF
Read: WUNDER_plus
Read: TBOLT_plus
Read: STNTBIKE_plus
Read: TOWTRUCK_plus
Read: TRUCK_plus
Read: CARAVLLE_plus
Read: CORSAIR_plus
Read: ELGUERRO_plus
Read: BUS_plus
Read: EXCELSR_plus
Read: TSUNAMI_plus
Read: MARATHON_plus
Read: LUNAR_plus
Read: GRBLDER_plus
Read: STINGER_plus
Read: VERTIGO_plus
Read: HALFTRAK_plus
Read: FRONTIER_plus
Read: XOBF00
Read: XOBF01
_preset 0
pym7: 4
pym7: 4
pym7: 4
pym7: 4
arg1 WUNDER (XOBF_DB)
args2 Wonderwagon
typeof(Vehicle) Vehicle
arg3 False
pym7: 16
pym7: 16
pym7: 12
pym7: 12
arg1 WUNDER (XOBF_DB)
args2 Wonderwagon
typeof(Vehicle) Vehicle
arg3 False
pym7: 16
pym7: 16
pym7: 12
pym7: 12
instantiateunint: 1
instantiateUnit: Unit(Clone) (UnityEngine.UI.RawImage)
Unloading 589 unused Assets to reduce memory usage. Loaded Objects now: 8545.
Total: 17.199400 ms (FindLiveObjects: 0.900200 ms CreateObjectMapping: 0.316900 ms MarkObjects: 13.768200 ms  DeleteObjects: 2.213800 ms)

CalculateUnitPosition: Unit(Clone)vehicle: Wonderwagon
Player Tag: Wonderwagon Posicion: (15738.73, -698.63, 20481.11) - id: -1
Units: 24
Player Tag: Wonderwagon Posicion: (14825.30, -576.13, 21382.60) - id: 1
CalculateUnitPosition: Unit(Clone)vehicle: Wonderwagon
Player Tag: Wonderwagon Posicion: (15738.73, -698.65, 20481.11) - id: -1
Units: 24
Player Tag: Wonderwagon Posicion: (14825.30, -576.15, 21382.60) - id: 1
CalculateUnitPosition: Unit(Clone)vehicle: Wonderwagon
Player Tag: Wonderwagon Posicion: (15738.73, -698.70, 20481.11) - id: -1
Units: 24
Player Tag: Wonderwagon Posicion: (14825.30, -576.20, 21382.60) - id: 1
CalculateUnitPosition: Unit(Clone)vehicle: Wonderwagon
Player Tag: Wonderwagon Posicion: (15738.73, -698.76, 20481.11) - id: -1
Units: 24
Player Tag: Wonderwagon Posicion: (14825.30, -576.26, 21382.60) - id: 1
CalculateUnitPosition: Unit(Clone)vehicle: Wonderwagon
Player Tag: Wonderwagon Posicion: (15738.73, -698.85, 20481.11) - id: -1
Units: 24
Player Tag: Wonderwagon Posicion: (14825.30, -576.35, 21382.60) - id: 1
CalculateUnitPosition: Unit(Clone)vehicle: Wonderwagon
Player Tag: Wonderwagon Posicion: (15738.73, -698.96, 20481.11) - id: -1
Units: 24
Player Tag: Wonderwagon Posicion: (14825.30, -576.46, 21382.60) - id: 1
CalculateUnitPosition: Unit(Clone)vehicle: Wonderwagon
Player Tag: Wonderwagon Posicion: (15738.73, -699.09, 20481.11) - id: -1
Units: 24
Player Tag: Wonderwagon Posicion: (14825.30, -576.59, 21382.60) - id: 1
CalculateUnitPosition: Unit(Clone)vehicle: Wonderwagon
Player Tag: Wonderwagon Posicion: (15738.73, -699.25, 20481.11) - id: -1
Units: 24
Player Tag: Wonderwagon Posicion: (14825.30, -576.75, 21382.60) - id: 1
CalculateUnitPosition: Unit(Clone)vehicle: Wonderwagon
Player Tag: Wonderwagon Posicion: (15738.73, -699.42, 20481.11) - id: -1
Units: 24
Player Tag: Wonderwagon Posicion: (14825.30, -576.92, 21382.60) - id: 1
CalculateUnitPosition: Unit(Clone)vehicle: Wonderwagon
Player Tag: Wonderwagon Posicion: (15738.73, -699.62, 20481.11) - id: -1
Units: 24
Player Tag: Wonderwagon Posicion: (14825.30, -577.12, 21382.60) - id: 1
CalculateUnitPosition: Unit(Clone)vehicle: Wonderwagon
Player Tag: Wonderwagon Posicion: (15738.73, -699.84, 20481.11) - id: -1
Units: 24
Player Tag: Wonderwagon Posicion: (14825.30, -577.34, 21382.60) - id: 1
CalculateUnitPosition: Unit(Clone)vehicle: Wonderwagon
Player Tag: Wonderwagon Posicion: (15738.73, -700.08, 20481.11) - id: -1
Units: 24
Player Tag: Wonderwagon Posicion: (14825.30, -577.58, 21382.60) - id: 1
CalculateUnitPosition: Unit(Clone)vehicle: Wonderwagon
Player Tag: Wonderwagon Posicion: (15738.73, -700.34, 20481.11) - id: -1
Units: 24
Player Tag: Wonderwagon Posicion: (14825.30, -577.84, 21382.60) - id: 1
CalculateUnitPosition: Unit(Clone)vehicle: Wonderwagon
Player Tag: Wonderwagon Posicion: (15738.73, -700.62, 20481.11) - id: -1
Units: 24
Player Tag: Wonderwagon Posicion: (14825.30, -578.12, 21382.60) - id: 1
CalculateUnitPosition: Unit(Clone)vehicle: Wonderwagon
Player Tag: Wonderwagon Posicion: (15738.73, -700.93, 20481.11) - id: -1
Units: 24
Player Tag: Wonderwagon Posicion: (14825.30, -578.43, 21382.60) - id: 1
CalculateUnitPosition: Unit(Clone)vehicle: Wonderwagon
Player Tag: Wonderwagon Posicion: (15738.73, -701.26, 20481.11) - id: -1
Units: 24
Player Tag: Wonderwagon Posicion: (14825.30, -578.76, 21382.60) - id: 1
CalculateUnitPosition: Unit(Clone)vehicle: Wonderwagon
Player Tag: Wonderwagon Posicion: (15738.73, -701.61, 20481.11) - id: -1
Units: 24
Player Tag: Wonderwagon Posicion: (14825.30, -579.11, 21382.60) - id: 1
CalculateUnitPosition: Unit(Clone)vehicle: Wonderwagon
Player Tag: Wonderwagon Posicion: (15738.73, -701.98, 20481.11) - id: -1
Units: 24
Player Tag: Wonderwagon Posicion: (14825.30, -579.48, 21382.60) - id: 1
CalculateUnitPosition: Unit(Clone)vehicle: Wonderwagon
Player Tag: Wonderwagon Posicion: (15738.73, -702.37, 20481.11) - id: -1
Units: 24
Player Tag: Wonderwagon Posicion: (14825.30, -579.87, 21382.60) - id: 1
CalculateUnitPosition: Unit(Clone)vehicle: Wonderwagon
Player Tag: Wonderwagon Posicion: (15738.73, -702.78, 20481.11) - id: -1
Units: 24
Player Tag: Wonderwagon Posicion: (14825.30, -580.28, 21382.60) - id: 1
CalculateUnitPosition: Unit(Clone)vehicle: Wonderwagon
Player Tag: Wonderwagon Posicion: (15738.73, -703.21, 20481.11) - id: -1
Units: 24
Player Tag: Wonderwagon Posicion: (14825.30, -580.71, 21382.60) - id: 1
CalculateUnitPosition: Unit(Clone)vehicle: Wonderwagon
Player Tag: Wonderwagon Posicion: (15738.73, -703.67, 20481.11) - id: -1
Units: 24
Player Tag: Wonderwagon Posicion: (14825.30, -581.17, 21382.60) - id: 1
CalculateUnitPosition: Unit(Clone)vehicle: Wonderwagon
Player Tag: Wonderwagon Posicion: (15738.73, -704.14, 20481.11) - id: -1
Units: 24
Player Tag: Wonderwagon Posicion: (14825.30, -581.64, 21382.60) - id: 1
CalculateUnitPosition: Unit(Clone)vehicle: Wonderwagon
Player Tag: Wonderwagon Posicion: (15738.73, -704.64, 20481.11) - id: -1
Units: 24
Player Tag: Wonderwagon Posicion: (14825.30, -582.14, 21382.60) - id: 1
CalculateUnitPosition: Unit(Clone)vehicle: Wonderwagon
Player Tag: Wonderwagon Posicion: (15738.73, -705.16, 20481.11) - id: -1
Units: 24
Player Tag: Wonderwagon Posicion: (14825.30, -582.66, 21382.60) - id: 1
CalculateUnitPosition: Unit(Clone)vehicle: Wonderwagon
Player Tag: Wonderwagon Posicion: (15738.73, -705.70, 20481.11) - id: -1
Units: 24
Player Tag: Wonderwagon Posicion: (14825.30, -583.20, 21382.60) - id: 1
CalculateUnitPosition: Unit(Clone)vehicle: Wonderwagon
Player Tag: Wonderwagon Posicion: (15738.73, -706.17, 20481.11) - id: -1
Units: 24
Player Tag: Wonderwagon Posicion: (14825.30, -583.67, 21382.60) - id: 1
CalculateUnitPosition: Unit(Clone)vehicle: Wonderwagon
Player Tag: Wonderwagon Posicion: (15738.73, -706.45, 20481.11) - id: -1
Units: 24
Player Tag: Wonderwagon Posicion: (14825.30, -583.95, 21382.60) - id: 1
CalculateUnitPosition: Unit(Clone)vehicle: Wonderwagon
Player Tag: Wonderwagon Posicion: (15738.72, -706.53, 20481.11) - id: -1
Units: 24
Player Tag: Wonderwagon Posicion: (14825.30, -584.03, 21382.59) - id: 1
CalculateUnitPosition: Unit(Clone)vehicle: Wonderwagon
Player Tag: Wonderwagon Posicion: (15738.71, -706.50, 20481.11) - id: -1
Units: 24
Player Tag: Wonderwagon Posicion: (14825.30, -584.00, 21382.58) - id: 1
Music clip loaded successfully.
CalculateUnitPosition: Unit(Clone)vehicle: Wonderwagon
Player Tag: Wonderwagon Posicion: (15738.68, -706.40, 20481.10) - id: -1
Units: 24
Player Tag: Wonderwagon Posicion: (14825.30, -583.90, 21382.55) - id: 1
CalculateUnitPosition: Unit(Clone)vehicle: Wonderwagon
Player Tag: Wonderwagon Posicion: (15738.64, -706.27, 20481.10) - id: -1
Units: 24
Player Tag: Wonderwagon Posicion: (14825.30, -583.77, 21382.51) - id: 1
CalculateUnitPosition: Unit(Clone)vehicle: Wonderwagon
Player Tag: Wonderwagon Posicion: (15738.58, -706.14, 20481.09) - id: -1
Units: 24
Player Tag: Wonderwagon Posicion: (14825.30, -583.64, 21382.45) - id: 1
CalculateUnitPosition: Unit(Clone)vehicle: Wonderwagon
Player Tag: Wonderwagon Posicion: (15738.52, -706.01, 20481.08) - id: -1
Units: 24
Player Tag: Wonderwagon Posicion: (14825.29, -583.51, 21382.38) - id: 1
CalculateUnitPosition: Unit(Clone)vehicle: Wonderwagon
Player Tag: Wonderwagon Posicion: (15738.44, -705.89, 20481.07) - id: -1
Units: 24
Player Tag: Wonderwagon Posicion: (14825.29, -583.38, 21382.31) - id: 1
CalculateUnitPosition: Unit(Clone)vehicle: Wonderwagon
Player Tag: Wonderwagon Posicion: (15738.36, -705.76, 20481.06) - id: -1
Units: 24
Player Tag: Wonderwagon Posicion: (14825.29, -583.26, 21382.23) - id: 1
CalculateUnitPosition: Unit(Clone)vehicle: Wonderwagon
Player Tag: Wonderwagon Posicion: (15738.27, -705.64, 20481.04) - id: -1
Units: 24
Player Tag: Wonderwagon Posicion: (14825.29, -583.14, 21382.13) - id: 1
CalculateUnitPosition: Unit(Clone)vehicle: Wonderwagon
Player Tag: Wonderwagon Posicion: (15738.16, -705.53, 20481.03) - id: -1
Units: 24
Player Tag: Wonderwagon Posicion: (14825.29, -583.03, 21382.03) - id: 1
CalculateUnitPosition: Unit(Clone)vehicle: Wonderwagon
Player Tag: Wonderwagon Posicion: (15738.05, -705.42, 20481.01) - id: -1
Units: 24
Player Tag: Wonderwagon Posicion: (14825.29, -582.91, 21381.91) - id: 1
CalculateUnitPosition: Unit(Clone)vehicle: Wonderwagon
Player Tag: Wonderwagon Posicion: (15737.92, -705.31, 20480.99) - id: -1
Units: 24
Player Tag: Wonderwagon Posicion: (14825.29, -582.81, 21381.79) - id: 1
CalculateUnitPosition: Unit(Clone)vehicle: Wonderwagon
Player Tag: Wonderwagon Posicion: (15737.79, -705.20, 20480.97) - id: -1
Units: 24
Player Tag: Wonderwagon Posicion: (14825.28, -582.70, 21381.65) - id: 1
CalculateUnitPosition: Unit(Clone)vehicle: Wonderwagon
Player Tag: Wonderwagon Posicion: (15737.64, -705.11, 20480.94) - id: -1
Units: 24
Player Tag: Wonderwagon Posicion: (14825.28, -582.60, 21381.50) - id: 1
CalculateUnitPosition: Unit(Clone)vehicle: Wonderwagon
Player Tag: Wonderwagon Posicion: (15737.48, -705.02, 20480.92) - id: -1
Units: 24
Player Tag: Wonderwagon Posicion: (14825.28, -582.51, 21381.34) - id: 1
CalculateUnitPosition: Unit(Clone)vehicle: Wonderwagon
Player Tag: Wonderwagon Posicion: (15737.32, -704.94, 20480.89) - id: -1
Units: 24
Player Tag: Wonderwagon Posicion: (14825.28, -582.43, 21381.18) - id: 1
CalculateUnitPosition: Unit(Clone)vehicle: Wonderwagon
Player Tag: Wonderwagon Posicion: (15737.14, -704.87, 20480.86) - id: -1
Units: 24
Player Tag: Wonderwagon Posicion: (14825.28, -582.36, 21381.00) - id: 1
CalculateUnitPosition: Unit(Clone)vehicle: Wonderwagon
Player Tag: Wonderwagon Posicion: (15736.96, -704.81, 20480.83) - id: -1
Units: 24
Player Tag: Wonderwagon Posicion: (14825.27, -582.31, 21380.82) - id: 1
CalculateUnitPosition: Unit(Clone)vehicle: Wonderwagon
Player Tag: Wonderwagon Posicion: (15736.78, -704.77, 20480.80) - id: -1
Units: 24
Player Tag: Wonderwagon Posicion: (14825.27, -582.27, 21380.63) - id: 1
CalculateUnitPosition: Unit(Clone)vehicle: Wonderwagon
Player Tag: Wonderwagon Posicion: (15736.59, -704.75, 20480.77) - id: -1
Units: 24
Player Tag: Wonderwagon Posicion: (14825.27, -582.24, 21380.44) - id: 1
CalculateUnitPosition: Unit(Clone)vehicle: Wonderwagon
Player Tag: Wonderwagon Posicion: (15736.39, -704.74, 20480.74) - id: -1
Units: 24
Player Tag: Wonderwagon Posicion: (14825.27, -582.23, 21380.24) - id: 1
CalculateUnitPosition: Unit(Clone)vehicle: Wonderwagon
Player Tag: Wonderwagon Posicion: (15736.20, -704.74, 20480.71) - id: -1
Units: 24
Player Tag: Wonderwagon Posicion: (14825.26, -582.24, 21380.04) - id: 1
CalculateUnitPosition: Unit(Clone)vehicle: Wonderwagon
Player Tag: Wonderwagon Posicion: (15736.00, -704.76, 20480.68) - id: -1
Units: 24
Player Tag: Wonderwagon Posicion: (14825.26, -582.26, 21379.85) - id: 1
CalculateUnitPosition: Unit(Clone)vehicle: Wonderwagon
Player Tag: Wonderwagon Posicion: (15735.80, -704.80, 20480.65) - id: -1
Units: 24
Player Tag: Wonderwagon Posicion: (14825.26, -582.29, 21379.65) - id: 1
CalculateUnitPosition: Unit(Clone)vehicle: Wonderwagon
Player Tag: Wonderwagon Posicion: (15735.60, -704.85, 20480.62) - id: -1
Units: 24
Player Tag: Wonderwagon Posicion: (14825.25, -582.34, 21379.45) - id: 1
CalculateUnitPosition: Unit(Clone)vehicle: Wonderwagon
Player Tag: Wonderwagon Posicion: (15735.40, -704.91, 20480.58) - id: -1
Units: 24
Player Tag: Wonderwagon Posicion: (14825.25, -582.41, 21379.24) - id: 1
CalculateUnitPosition: Unit(Clone)vehicle: Wonderwagon
Player Tag: Wonderwagon Posicion: (15735.21, -704.99, 20480.55) - id: -1
Units: 24
Player Tag: Wonderwagon Posicion: (14825.25, -582.48, 21379.04) - id: 1
CalculateUnitPosition: Unit(Clone)vehicle: Wonderwagon
Player Tag: Wonderwagon Posicion: (15735.01, -705.07, 20480.52) - id: -1
Units: 24
Player Tag: Wonderwagon Posicion: (14825.25, -582.57, 21378.84) - id: 1
CalculateUnitPosition: Unit(Clone)vehicle: Wonderwagon
Player Tag: Wonderwagon Posicion: (15734.82, -705.17, 20480.49) - id: -1
Units: 24
Player Tag: Wonderwagon Posicion: (14825.24, -582.66, 21378.65) - id: 1
CalculateUnitPosition: Unit(Clone)vehicle: Wonderwagon
Player Tag: Wonderwagon Posicion: (15734.63, -705.27, 20480.46) - id: -1
Units: 24
Player Tag: Wonderwagon Posicion: (14825.24, -582.76, 21378.45) - id: 1
CalculateUnitPosition: Unit(Clone)vehicle: Wonderwagon
Player Tag: Wonderwagon Posicion: (15734.44, -705.38, 20480.43) - id: -1
Units: 24
Player Tag: Wonderwagon Posicion: (14825.24, -582.87, 21378.26) - id: 1
CalculateUnitPosition: Unit(Clone)vehicle: Wonderwagon
Player Tag: Wonderwagon Posicion: (15734.25, -705.49, 20480.39) - id: -1
Units: 24
Player Tag: Wonderwagon Posicion: (14825.24, -582.99, 21378.06) - id: 1
CalculateUnitPosition: Unit(Clone)vehicle: Wonderwagon
Player Tag: Wonderwagon Posicion: (15734.06, -705.61, 20480.36) - id: -1
Units: 24
Player Tag: Wonderwagon Posicion: (14825.23, -583.10, 21377.87) - id: 1
CalculateUnitPosition: Unit(Clone)vehicle: Wonderwagon
Player Tag: Wonderwagon Posicion: (15733.87, -705.73, 20480.33) - id: -1
Units: 24
Player Tag: Wonderwagon Posicion: (14825.23, -583.22, 21377.68) - id: 1
CalculateUnitPosition: Unit(Clone)vehicle: Wonderwagon
Player Tag: Wonderwagon Posicion: (15733.68, -705.85, 20480.30) - id: -1
Units: 24
Player Tag: Wonderwagon Posicion: (14825.23, -583.34, 21377.49) - id: 1
CalculateUnitPosition: Unit(Clone)vehicle: Wonderwagon
Player Tag: Wonderwagon Posicion: (15733.50, -705.96, 20480.27) - id: -1
Units: 24
Player Tag: Wonderwagon Posicion: (14825.22, -583.46, 21377.30) - id: 1
CalculateUnitPosition: Unit(Clone)vehicle: Wonderwagon
Player Tag: Wonderwagon Posicion: (15733.31, -706.04, 20480.24) - id: -1
Units: 24
Player Tag: Wonderwagon Posicion: (14825.22, -583.54, 21377.11) - id: 1
CalculateUnitPosition: Unit(Clone)vehicle: Wonderwagon
Player Tag: Wonderwagon Posicion: (15733.13, -706.08, 20480.21) - id: -1
Units: 24
Player Tag: Wonderwagon Posicion: (14825.22, -583.58, 21376.92) - id: 1
CalculateUnitPosition: Unit(Clone)vehicle: Wonderwagon
Player Tag: Wonderwagon Posicion: (15732.93, -706.07, 20480.18) - id: -1
Units: 24
Player Tag: Wonderwagon Posicion: (14825.21, -583.57, 21376.73) - id: 1
CalculateUnitPosition: Unit(Clone)vehicle: Wonderwagon
Player Tag: Wonderwagon Posicion: (15732.74, -706.02, 20480.15) - id: -1
Units: 24
Player Tag: Wonderwagon Posicion: (14825.21, -583.53, 21376.54) - id: 1
CalculateUnitPosition: Unit(Clone)vehicle: Wonderwagon
Player Tag: Wonderwagon Posicion: (15732.54, -705.94, 20480.12) - id: -1
Units: 24
Player Tag: Wonderwagon Posicion: (14825.21, -583.45, 21376.33) - id: 1
CalculateUnitPosition: Unit(Clone)vehicle: Wonderwagon
Player Tag: Wonderwagon Posicion: (15732.34, -705.84, 20480.08) - id: -1
Units: 24
Player Tag: Wonderwagon Posicion: (14825.20, -583.35, 21376.13) - id: 1
CalculateUnitPosition: Unit(Clone)vehicle: Wonderwagon
Player Tag: Wonderwagon Posicion: (15732.13, -705.73, 20480.05) - id: -1
Units: 24
Player Tag: Wonderwagon Posicion: (14825.20, -583.24, 21375.92) - id: 1
CalculateUnitPosition: Unit(Clone)vehicle: Wonderwagon
Player Tag: Wonderwagon Posicion: (15731.92, -705.63, 20480.01) - id: -1
Units: 24
Player Tag: Wonderwagon Posicion: (14825.20, -583.13, 21375.71) - id: 1
CalculateUnitPosition: Unit(Clone)vehicle: Wonderwagon
Player Tag: Wonderwagon Posicion: (15731.70, -705.54, 20479.98) - id: -1
Units: 24
Player Tag: Wonderwagon Posicion: (14825.20, -583.04, 21375.49) - id: 1
CalculateUnitPosition: Unit(Clone)vehicle: Wonderwagon
Player Tag: Wonderwagon Posicion: (15731.49, -705.46, 20479.94) - id: -1
Units: 24
Player Tag: Wonderwagon Posicion: (14825.18, -582.97, 21375.28) - id: 1
CalculateUnitPosition: Unit(Clone)vehicle: Wonderwagon
Player Tag: Wonderwagon Posicion: (15731.27, -705.41, 20479.91) - id: -1
Units: 24
Player Tag: Wonderwagon Posicion: (14825.16, -582.92, 21375.07) - id: 1
CalculateUnitPosition: Unit(Clone)vehicle: Wonderwagon
Player Tag: Wonderwagon Posicion: (15731.05, -705.37, 20479.87) - id: -1
Units: 24
Player Tag: Wonderwagon Posicion: (14825.15, -582.88, 21374.86) - id: 1
CalculateUnitPosition: Unit(Clone)vehicle: Wonderwagon
Player Tag: Wonderwagon Posicion: (15730.82, -705.35, 20479.83) - id: -1
Units: 24
Player Tag: Wonderwagon Posicion: (14825.13, -582.87, 21374.64) - id: 1
CalculateUnitPosition: Unit(Clone)vehicle: Wonderwagon
Player Tag: Wonderwagon Posicion: (15730.60, -705.35, 20479.80) - id: -1
Units: 24
Player Tag: Wonderwagon Posicion: (14825.12, -582.87, 21374.43) - id: 1
CalculateUnitPosition: Unit(Clone)vehicle: Wonderwagon
Player Tag: Wonderwagon Posicion: (15730.38, -705.37, 20479.76) - id: -1
Units: 24
Player Tag: Wonderwagon Posicion: (14825.10, -582.89, 21374.21) - id: 1
CalculateUnitPosition: Unit(Clone)vehicle: Wonderwagon
Player Tag: Wonderwagon Posicion: (15730.16, -705.40, 20479.72) - id: -1
Units: 24
Player Tag: Wonderwagon Posicion: (14825.09, -582.92, 21374.00) - id: 1
CalculateUnitPosition: Unit(Clone)vehicle: Wonderwagon
Player Tag: Wonderwagon Posicion: (15729.94, -705.45, 20479.69) - id: -1
Units: 24
Player Tag: Wonderwagon Posicion: (14825.08, -582.98, 21373.79) - id: 1
CalculateUnitPosition: Unit(Clone)vehicle: Wonderwagon
Player Tag: Wonderwagon Posicion: (15729.71, -705.52, 20479.65) - id: -1
Units: 24
Player Tag: Wonderwagon Posicion: (14825.07, -583.04, 21373.57) - id: 1
CalculateUnitPosition: Unit(Clone)vehicle: Wonderwagon
Player Tag: Wonderwagon Posicion: (15729.49, -705.59, 20479.62) - id: -1
Units: 24
Player Tag: Wonderwagon Posicion: (14825.05, -583.11, 21373.36) - id: 1
CalculateUnitPosition: Unit(Clone)vehicle: Wonderwagon
Player Tag: Wonderwagon Posicion: (15729.27, -705.66, 20479.58) - id: -1
Units: 24
Player Tag: Wonderwagon Posicion: (14825.04, -583.18, 21373.14) - id: 1
CalculateUnitPosition: Unit(Clone)vehicle: Wonderwagon
Player Tag: Wonderwagon Posicion: (15729.05, -705.72, 20479.54) - id: -1
Units: 24
Player Tag: Wonderwagon Posicion: (14825.04, -583.23, 21372.92) - id: 1
CalculateUnitPosition: Unit(Clone)vehicle: Wonderwagon
Player Tag: Wonderwagon Posicion: (15728.83, -705.77, 20479.50) - id: -1
Units: 24
Player Tag: Wonderwagon Posicion: (14825.03, -583.27, 21372.71) - id: 1
CalculateUnitPosition: Unit(Clone)vehicle: Wonderwagon
Player Tag: Wonderwagon Posicion: (15728.61, -705.80, 20479.47) - id: -1
Units: 24
Player Tag: Wonderwagon Posicion: (14825.02, -583.29, 21372.49) - id: 1
CalculateUnitPosition: Unit(Clone)vehicle: Wonderwagon
Player Tag: Wonderwagon Posicion: (15728.38, -705.81, 20479.43) - id: -1
Units: 24
Player Tag: Wonderwagon Posicion: (14825.02, -583.30, 21372.27) - id: 1
CalculateUnitPosition: Unit(Clone)vehicle: Wonderwagon
Player Tag: Wonderwagon Posicion: (15728.16, -705.81, 20479.39) - id: -1
Units: 24
Player Tag: Wonderwagon Posicion: (14825.01, -583.29, 21372.05) - id: 1
CalculateUnitPosition: Unit(Clone)vehicle: Wonderwagon
Player Tag: Wonderwagon Posicion: (15727.93, -705.79, 20479.35) - id: -1
Units: 24
Player Tag: Wonderwagon Posicion: (14825.01, -583.27, 21371.83) - id: 1
CalculateUnitPosition: Unit(Clone)vehicle: Wonderwagon
Player Tag: Wonderwagon Posicion: (15727.70, -705.77, 20479.31) - id: -1
Units: 24
Player Tag: Wonderwagon Posicion: (14825.00, -583.25, 21371.60) - id: 1
CalculateUnitPosition: Unit(Clone)vehicle: Wonderwagon
Player Tag: Wonderwagon Posicion: (15727.47, -705.75, 20479.27) - id: -1
Units: 24
Player Tag: Wonderwagon Posicion: (14825.00, -583.23, 21371.38) - id: 1
CalculateUnitPosition: Unit(Clone)vehicle: Wonderwagon
Player Tag: Wonderwagon Posicion: (15727.23, -705.72, 20479.23) - id: -1
Units: 24
Player Tag: Wonderwagon Posicion: (14824.99, -583.21, 21371.14) - id: 1
CalculateUnitPosition: Unit(Clone)vehicle: Wonderwagon
Player Tag: Wonderwagon Posicion: (15726.99, -705.71, 20479.19) - id: -1
Units: 24
Player Tag: Wonderwagon Posicion: (14824.99, -583.20, 21370.91) - id: 1
CalculateUnitPosition: Unit(Clone)vehicle: Wonderwagon
Player Tag: Wonderwagon Posicion: (15726.75, -705.70, 20479.15) - id: -1
Units: 24
Player Tag: Wonderwagon Posicion: (14824.99, -583.19, 21370.67) - id: 1
CalculateUnitPosition: Unit(Clone)vehicle: Wonderwagon
Player Tag: Wonderwagon Posicion: (15726.51, -705.70, 20479.11) - id: -1
Units: 24
Player Tag: Wonderwagon Posicion: (14824.98, -583.19, 21370.44) - id: 1
CalculateUnitPosition: Unit(Clone)vehicle: Wonderwagon
Player Tag: Wonderwagon Posicion: (15726.27, -705.70, 20479.06) - id: -1
Units: 24
Player Tag: Wonderwagon Posicion: (14824.98, -583.20, 21370.20) - id: 1
CalculateUnitPosition: Unit(Clone)vehicle: Wonderwagon
Player Tag: Wonderwagon Posicion: (15726.02, -705.71, 20479.02) - id: -1
Units: 24
Player Tag: Wonderwagon Posicion: (14824.98, -583.21, 21369.96) - id: 1
CalculateUnitPosition: Unit(Clone)vehicle: Wonderwagon
Player Tag: Wonderwagon Posicion: (15725.78, -705.72, 20478.98) - id: -1
Units: 24
Player Tag: Wonderwagon Posicion: (14824.97, -583.22, 21369.72) - id: 1
CalculateUnitPosition: Unit(Clone)vehicle: Wonderwagon
Player Tag: Wonderwagon Posicion: (15725.53, -705.73, 20478.94) - id: -1
Units: 24
Player Tag: Wonderwagon Posicion: (14824.97, -583.23, 21369.47) - id: 1
CalculateUnitPosition: Unit(Clone)vehicle: Wonderwagon
Player Tag: Wonderwagon Posicion: (15725.28, -705.74, 20478.89) - id: -1
Units: 24
Player Tag: Wonderwagon Posicion: (14824.97, -583.24, 21369.23) - id: 1
CalculateUnitPosition: Unit(Clone)vehicle: Wonderwagon
Player Tag: Wonderwagon Posicion: (15725.03, -705.75, 20478.85) - id: -1
Units: 24
Player Tag: Wonderwagon Posicion: (14824.97, -583.25, 21368.98) - id: 1
CalculateUnitPosition: Unit(Clone)vehicle: Wonderwagon
Player Tag: Wonderwagon Posicion: (15724.78, -705.75, 20478.80) - id: -1
Units: 24
Player Tag: Wonderwagon Posicion: (14824.97, -583.25, 21368.74) - id: 1
CalculateUnitPosition: Unit(Clone)vehicle: Wonderwagon
Player Tag: Wonderwagon Posicion: (15724.52, -705.74, 20478.76) - id: -1
Units: 24
Player Tag: Wonderwagon Posicion: (14824.96, -583.24, 21368.49) - id: 1
CalculateUnitPosition: Unit(Clone)vehicle: Wonderwagon
Player Tag: Wonderwagon Posicion: (15724.27, -705.73, 20478.71) - id: -1
Units: 24
Player Tag: Wonderwagon Posicion: (14824.96, -583.23, 21368.23) - id: 1
CalculateUnitPosition: Unit(Clone)vehicle: Wonderwagon
Player Tag: Wonderwagon Posicion: (15724.01, -705.72, 20478.67) - id: -1
Units: 24
Player Tag: Wonderwagon Posicion: (14824.96, -583.22, 21367.98) - id: 1
CalculateUnitPosition: Unit(Clone)vehicle: Wonderwagon
Player Tag: Wonderwagon Posicion: (15723.75, -705.70, 20478.63) - id: -1
Units: 24
Player Tag: Wonderwagon Posicion: (14824.96, -583.20, 21367.72) - id: 1
CalculateUnitPosition: Unit(Clone)vehicle: Wonderwagon
Player Tag: Wonderwagon Posicion: (15723.48, -705.68, 20478.58) - id: -1
Units: 24
Player Tag: Wonderwagon Posicion: (14824.96, -583.18, 21367.47) - id: 1
CalculateUnitPosition: Unit(Clone)vehicle: Wonderwagon
Player Tag: Wonderwagon Posicion: (15723.21, -705.66, 20478.53) - id: -1
Units: 24
Player Tag: Wonderwagon Posicion: (14824.96, -583.17, 21367.21) - id: 1
CalculateUnitPosition: Unit(Clone)vehicle: Wonderwagon
Player Tag: Wonderwagon Posicion: (15722.95, -705.65, 20478.48) - id: -1
Units: 24
Player Tag: Wonderwagon Posicion: (14824.96, -583.15, 21366.95) - id: 1
CalculateUnitPosition: Unit(Clone)vehicle: Wonderwagon
Player Tag: Wonderwagon Posicion: (15722.68, -705.64, 20478.44) - id: -1
Units: 24
Player Tag: Wonderwagon Posicion: (14824.96, -583.15, 21366.68) - id: 1
CalculateUnitPosition: Unit(Clone)vehicle: Wonderwagon
Player Tag: Wonderwagon Posicion: (15722.41, -705.63, 20478.39) - id: -1
Units: 24
Player Tag: Wonderwagon Posicion: (14824.96, -583.14, 21366.42) - id: 1
CalculateUnitPosition: Unit(Clone)vehicle: Wonderwagon
Player Tag: Wonderwagon Posicion: (15722.13, -705.63, 20478.34) - id: -1
Units: 24
Player Tag: Wonderwagon Posicion: (14824.96, -583.14, 21366.15) - id: 1
CalculateUnitPosition: Unit(Clone)vehicle: Wonderwagon
Player Tag: Wonderwagon Posicion: (15721.86, -705.63, 20478.29) - id: -1
Units: 24
Player Tag: Wonderwagon Posicion: (14824.96, -583.14, 21365.88) - id: 1
CalculateUnitPosition: Unit(Clone)vehicle: Wonderwagon
Player Tag: Wonderwagon Posicion: (15721.58, -705.63, 20478.24) - id: -1
Units: 24
Player Tag: Wonderwagon Posicion: (14824.96, -583.14, 21365.62) - id: 1
CalculateUnitPosition: Unit(Clone)vehicle: Wonderwagon
Player Tag: Wonderwagon Posicion: (15721.31, -705.64, 20478.19) - id: -1
Units: 24
Player Tag: Wonderwagon Posicion: (14824.96, -583.15, 21365.35) - id: 1
CalculateUnitPosition: Unit(Clone)vehicle: Wonderwagon
Player Tag: Wonderwagon Posicion: (15721.03, -705.64, 20478.14) - id: -1
Units: 24
Player Tag: Wonderwagon Posicion: (14824.96, -583.15, 21365.07) - id: 1
CalculateUnitPosition: Unit(Clone)vehicle: Wonderwagon
Player Tag: Wonderwagon Posicion: (15720.75, -705.65, 20478.09) - id: -1
Units: 24
Player Tag: Wonderwagon Posicion: (14824.96, -583.16, 21364.80) - id: 1
CalculateUnitPosition: Unit(Clone)vehicle: Wonderwagon
Player Tag: Wonderwagon Posicion: (15720.47, -705.66, 20478.04) - id: -1
Units: 24
Player Tag: Wonderwagon Posicion: (14824.96, -583.17, 21364.53) - id: 1
CalculateUnitPosition: Unit(Clone)vehicle: Wonderwagon
Player Tag: Wonderwagon Posicion: (15720.19, -705.67, 20477.99) - id: -1
Units: 24
Player Tag: Wonderwagon Posicion: (14824.96, -583.17, 21364.26) - id: 1
CalculateUnitPosition: Unit(Clone)vehicle: Wonderwagon
Player Tag: Wonderwagon Posicion: (15719.91, -705.67, 20477.94) - id: -1
Units: 24
Player Tag: Wonderwagon Posicion: (14824.96, -583.18, 21363.98) - id: 1
CalculateUnitPosition: Unit(Clone)vehicle: Wonderwagon
Player Tag: Wonderwagon Posicion: (15719.62, -705.68, 20477.89) - id: -1
Units: 24
Player Tag: Wonderwagon Posicion: (14824.96, -583.18, 21363.70) - id: 1
CalculateUnitPosition: Unit(Clone)vehicle: Wonderwagon
Player Tag: Wonderwagon Posicion: (15719.34, -705.68, 20477.84) - id: -1
Units: 24
Player Tag: Wonderwagon Posicion: (14824.96, -583.18, 21363.42) - id: 1
CalculateUnitPosition: Unit(Clone)vehicle: Wonderwagon
Player Tag: Wonderwagon Posicion: (15719.05, -705.68, 20477.79) - id: -1
Units: 24
Player Tag: Wonderwagon Posicion: (14824.96, -583.18, 21363.14) - id: 1
CalculateUnitPosition: Unit(Clone)vehicle: Wonderwagon
Player Tag: Wonderwagon Posicion: (15718.76, -705.69, 20477.73) - id: -1
Units: 24
Player Tag: Wonderwagon Posicion: (14824.96, -583.18, 21362.87) - id: 1
CalculateUnitPosition: Unit(Clone)vehicle: Wonderwagon
Player Tag: Wonderwagon Posicion: (15718.47, -705.69, 20477.68) - id: -1
Units: 24
Player Tag: Wonderwagon Posicion: (14824.96, -583.18, 21362.58) - id: 1
CalculateUnitPosition: Unit(Clone)vehicle: Wonderwagon
Player Tag: Wonderwagon Posicion: (15718.18, -705.69, 20477.63) - id: -1
Units: 24
Player Tag: Wonderwagon Posicion: (14824.96, -583.18, 21362.30) - id: 1
CalculateUnitPosition: Unit(Clone)vehicle: Wonderwagon
Player Tag: Wonderwagon Posicion: (15717.89, -705.69, 20477.57) - id: -1
Units: 24
Player Tag: Wonderwagon Posicion: (14824.96, -583.19, 21362.02) - id: 1
CalculateUnitPosition: Unit(Clone)vehicle: Wonderwagon
Player Tag: Wonderwagon Posicion: (15717.60, -705.70, 20477.52) - id: -1
Units: 24
Player Tag: Wonderwagon Posicion: (14824.96, -583.19, 21361.73) - id: 1
CalculateUnitPosition: Unit(Clone)vehicle: Wonderwagon
Player Tag: Wonderwagon Posicion: (15717.31, -705.70, 20477.46) - id: -1
Units: 24
Player Tag: Wonderwagon Posicion: (14824.96, -583.19, 21361.44) - id: 1
CalculateUnitPosition: Unit(Clone)vehicle: Wonderwagon
Player Tag: Wonderwagon Posicion: (15717.01, -705.70, 20477.41) - id: -1
Units: 24
Player Tag: Wonderwagon Posicion: (14824.96, -583.19, 21361.15) - id: 1
CalculateUnitPosition: Unit(Clone)vehicle: Wonderwagon
Player Tag: Wonderwagon Posicion: (15716.71, -705.71, 20477.35) - id: -1
Units: 24
Player Tag: Wonderwagon Posicion: (14824.96, -583.20, 21360.86) - id: 1
CalculateUnitPosition: Unit(Clone)vehicle: Wonderwagon
Player Tag: Wonderwagon Posicion: (15716.42, -705.71, 20477.30) - id: -1
Units: 24
Player Tag: Wonderwagon Posicion: (14824.96, -583.20, 21360.57) - id: 1
CalculateUnitPosition: Unit(Clone)vehicle: Wonderwagon
Player Tag: Wonderwagon Posicion: (15716.12, -705.71, 20477.24) - id: -1
Units: 24
Player Tag: Wonderwagon Posicion: (14824.96, -583.20, 21360.28) - id: 1
CalculateUnitPosition: Unit(Clone)vehicle: Wonderwagon
Player Tag: Wonderwagon Posicion: (15715.82, -705.71, 20477.19) - id: -1
Units: 24
Player Tag: Wonderwagon Posicion: (14824.96, -583.21, 21359.98) - id: 1
CalculateUnitPosition: Unit(Clone)vehicle: Wonderwagon
Player Tag: Wonderwagon Posicion: (15715.51, -705.71, 20477.13) - id: -1
Units: 24
Player Tag: Wonderwagon Posicion: (14824.96, -583.21, 21359.68) - id: 1
CalculateUnitPosition: Unit(Clone)vehicle: Wonderwagon
Player Tag: Wonderwagon Posicion: (15715.21, -705.71, 20477.07) - id: -1
Units: 24
Player Tag: Wonderwagon Posicion: (14824.96, -583.20, 21359.38) - id: 1
CalculateUnitPosition: Unit(Clone)vehicle: Wonderwagon
Player Tag: Wonderwagon Posicion: (15714.91, -705.71, 20477.02) - id: -1
Units: 24
Player Tag: Wonderwagon Posicion: (14824.96, -583.20, 21359.08) - id: 1
CalculateUnitPosition: Unit(Clone)vehicle: Wonderwagon
Player Tag: Wonderwagon Posicion: (15714.60, -705.71, 20476.96) - id: -1
Units: 24
Player Tag: Wonderwagon Posicion: (14824.96, -583.20, 21358.78) - id: 1
CalculateUnitPosition: Unit(Clone)vehicle: Wonderwagon
Player Tag: Wonderwagon Posicion: (15714.29, -705.71, 20476.90) - id: -1
Units: 24
Player Tag: Wonderwagon Posicion: (14824.96, -583.20, 21358.48) - id: 1
CalculateUnitPosition: Unit(Clone)vehicle: Wonderwagon
Player Tag: Wonderwagon Posicion: (15713.98, -705.71, 20476.84) - id: -1
Units: 24
Player Tag: Wonderwagon Posicion: (14824.96, -583.20, 21358.18) - id: 1
CalculateUnitPosition: Unit(Clone)vehicle: Wonderwagon
Player Tag: Wonderwagon Posicion: (15713.67, -705.70, 20476.78) - id: -1
Units: 24
Player Tag: Wonderwagon Posicion: (14824.96, -583.19, 21357.87) - id: 1
CalculateUnitPosition: Unit(Clone)vehicle: Wonderwagon
Player Tag: Wonderwagon Posicion: (15713.36, -705.70, 20476.72) - id: -1
Units: 24
Player Tag: Wonderwagon Posicion: (14824.96, -583.19, 21357.56) - id: 1
CalculateUnitPosition: Unit(Clone)vehicle: Wonderwagon
Player Tag: Wonderwagon Posicion: (15713.04, -705.70, 20476.66) - id: -1
Units: 24
Player Tag: Wonderwagon Posicion: (14824.96, -583.19, 21357.26) - id: 1
CalculateUnitPosition: Unit(Clone)vehicle: Wonderwagon
Player Tag: Wonderwagon Posicion: (15712.73, -705.70, 20476.60) - id: -1
Units: 24
Player Tag: Wonderwagon Posicion: (14824.96, -583.19, 21356.95) - id: 1
CalculateUnitPosition: Unit(Clone)vehicle: Wonderwagon
Player Tag: Wonderwagon Posicion: (15712.41, -705.69, 20476.54) - id: -1
Units: 24
Player Tag: Wonderwagon Posicion: (14824.96, -583.19, 21356.63) - id: 1
CalculateUnitPosition: Unit(Clone)vehicle: Wonderwagon
Player Tag: Wonderwagon Posicion: (15712.09, -705.69, 20476.48) - id: -1
Units: 24
Player Tag: Wonderwagon Posicion: (14824.95, -583.19, 21356.32) - id: 1
CalculateUnitPosition: Unit(Clone)vehicle: Wonderwagon
Player Tag: Wonderwagon Posicion: (15711.77, -705.69, 20476.42) - id: -1
Units: 24
Player Tag: Wonderwagon Posicion: (14824.95, -583.19, 21356.01) - id: 1
CalculateUnitPosition: Unit(Clone)vehicle: Wonderwagon
Player Tag: Wonderwagon Posicion: (15711.45, -705.68, 20476.36) - id: -1
Units: 24
Player Tag: Wonderwagon Posicion: (14824.95, -583.19, 21355.69) - id: 1
CalculateUnitPosition: Unit(Clone)vehicle: Wonderwagon
Player Tag: Wonderwagon Posicion: (15711.13, -705.68, 20476.30) - id: -1
Units: 24
Player Tag: Wonderwagon Posicion: (14824.95, -583.19, 21355.37) - id: 1
CalculateUnitPosition: Unit(Clone)vehicle: Wonderwagon
Player Tag: Wonderwagon Posicion: (15710.80, -705.68, 20476.24) - id: -1
Units: 24
Player Tag: Wonderwagon Posicion: (14824.95, -583.19, 21355.05) - id: 1
CalculateUnitPosition: Unit(Clone)vehicle: Wonderwagon
Player Tag: Wonderwagon Posicion: (15710.48, -705.68, 20476.18) - id: -1
Units: 24
Player Tag: Wonderwagon Posicion: (14824.95, -583.19, 21354.74) - id: 1
CalculateUnitPosition: Unit(Clone)vehicle: Wonderwagon
Player Tag: Wonderwagon Posicion: (15710.15, -705.67, 20476.12) - id: -1
Units: 24
Player Tag: Wonderwagon Posicion: (14824.94, -583.18, 21354.42) - id: 1
CalculateUnitPosition: Unit(Clone)vehicle: Wonderwagon
Player Tag: Wonderwagon Posicion: (15709.82, -705.67, 20476.05) - id: -1
Units: 24
Player Tag: Wonderwagon Posicion: (14824.94, -583.18, 21354.09) - id: 1
CalculateUnitPosition: Unit(Clone)vehicle: Wonderwagon
Player Tag: Wonderwagon Posicion: (15709.50, -705.67, 20475.99) - id: -1
Units: 24
Player Tag: Wonderwagon Posicion: (14824.94, -583.18, 21353.77) - id: 1
CalculateUnitPosition: Unit(Clone)vehicle: Wonderwagon
Player Tag: Wonderwagon Posicion: (15709.17, -705.67, 20475.93) - id: -1
Units: 24
Player Tag: Wonderwagon Posicion: (14824.94, -583.18, 21353.45) - id: 1
CalculateUnitPosition: Unit(Clone)vehicle: Wonderwagon
Player Tag: Wonderwagon Posicion: (15708.84, -705.67, 20475.87) - id: -1
Units: 24
Player Tag: Wonderwagon Posicion: (14824.94, -583.18, 21353.12) - id: 1
CalculateUnitPosition: Unit(Clone)vehicle: Wonderwagon
Player Tag: Wonderwagon Posicion: (15708.50, -705.67, 20475.80) - id: -1
Units: 24
Player Tag: Wonderwagon Posicion: (14824.93, -583.18, 21352.79) - id: 1
CalculateUnitPosition: Unit(Clone)vehicle: Wonderwagon
Player Tag: Wonderwagon Posicion: (15708.17, -705.68, 20475.74) - id: -1
Units: 24
Player Tag: Wonderwagon Posicion: (14824.93, -583.18, 21352.46) - id: 1
CalculateUnitPosition: Unit(Clone)vehicle: Wonderwagon
Player Tag: Wonderwagon Posicion: (15707.83, -705.68, 20475.67) - id: -1
Units: 24
Player Tag: Wonderwagon Posicion: (14824.93, -583.18, 21352.13) - id: 1
CalculateUnitPosition: Unit(Clone)vehicle: Wonderwagon
Player Tag: Wonderwagon Posicion: (15707.50, -705.68, 20475.61) - id: -1
Units: 24
Player Tag: Wonderwagon Posicion: (14824.93, -583.18, 21351.80) - id: 1
CalculateUnitPosition: Unit(Clone)vehicle: Wonderwagon
Player Tag: Wonderwagon Posicion: (15707.16, -705.68, 20475.54) - id: -1
Units: 24
Player Tag: Wonderwagon Posicion: (14824.92, -583.18, 21351.47) - id: 1
CalculateUnitPosition: Unit(Clone)vehicle: Wonderwagon
Player Tag: Wonderwagon Posicion: (15706.82, -705.68, 20475.48) - id: -1
Units: 24
Player Tag: Wonderwagon Posicion: (14824.92, -583.18, 21351.14) - id: 1
CalculateUnitPosition: Unit(Clone)vehicle: Wonderwagon
Player Tag: Wonderwagon Posicion: (15706.48, -705.68, 20475.41) - id: -1
Units: 24
Player Tag: Wonderwagon Posicion: (14824.92, -583.18, 21350.80) - id: 1
CalculateUnitPosition: Unit(Clone)vehicle: Wonderwagon
Player Tag: Wonderwagon Posicion: (15706.14, -705.68, 20475.35) - id: -1
Units: 24
Player Tag: Wonderwagon Posicion: (14824.92, -583.18, 21350.46) - id: 1
CalculateUnitPosition: Unit(Clone)vehicle: Wonderwagon
Player Tag: Wonderwagon Posicion: (15705.80, -705.68, 20475.28) - id: -1
Units: 24
Player Tag: Wonderwagon Posicion: (14824.91, -583.18, 21350.12) - id: 1
CalculateUnitPosition: Unit(Clone)vehicle: Wonderwagon
Player Tag: Wonderwagon Posicion: (15705.46, -705.68, 20475.21) - id: -1
Units: 24
Player Tag: Wonderwagon Posicion: (14824.91, -583.18, 21349.78) - id: 1
CalculateUnitPosition: Unit(Clone)vehicle: Wonderwagon
Player Tag: Wonderwagon Posicion: (15705.11, -705.68, 20475.15) - id: -1
Units: 24
Player Tag: Wonderwagon Posicion: (14824.91, -583.18, 21349.44) - id: 1
CalculateUnitPosition: Unit(Clone)vehicle: Wonderwagon
Player Tag: Wonderwagon Posicion: (15704.77, -705.68, 20475.08) - id: -1
Units: 24
Player Tag: Wonderwagon Posicion: (14824.90, -583.18, 21349.09) - id: 1
CalculateUnitPosition: Unit(Clone)vehicle: Wonderwagon
Player Tag: Wonderwagon Posicion: (15704.42, -705.69, 20475.01) - id: -1
Units: 24
Player Tag: Wonderwagon Posicion: (14824.90, -583.18, 21348.75) - id: 1
CalculateUnitPosition: Unit(Clone)vehicle: Wonderwagon
Player Tag: Wonderwagon Posicion: (15704.07, -705.69, 20474.95) - id: -1
Units: 24
Player Tag: Wonderwagon Posicion: (14824.89, -583.18, 21348.40) - id: 1
CalculateUnitPosition: Unit(Clone)vehicle: Wonderwagon
Player Tag: Wonderwagon Posicion: (15703.72, -705.69, 20474.88) - id: -1
Units: 24
Player Tag: Wonderwagon Posicion: (14824.89, -583.18, 21348.05) - id: 1
CalculateUnitPosition: Unit(Clone)vehicle: Wonderwagon
Player Tag: Wonderwagon Posicion: (15703.37, -705.69, 20474.81) - id: -1
Units: 24
Player Tag: Wonderwagon Posicion: (14824.89, -583.19, 21347.70) - id: 1
CalculateUnitPosition: Unit(Clone)vehicle: Wonderwagon
Player Tag: Wonderwagon Posicion: (15703.02, -705.69, 20474.74) - id: -1
Units: 24
Player Tag: Wonderwagon Posicion: (14824.89, -583.19, 21347.35) - id: 1
CalculateUnitPosition: Unit(Clone)vehicle: Wonderwagon
Player Tag: Wonderwagon Posicion: (15702.67, -705.69, 20474.67) - id: -1
Units: 24
Player Tag: Wonderwagon Posicion: (14824.88, -583.19, 21347.00) - id: 1
CalculateUnitPosition: Unit(Clone)vehicle: Wonderwagon
Player Tag: Wonderwagon Posicion: (15702.31, -705.69, 20474.60) - id: -1
Units: 24
Player Tag: Wonderwagon Posicion: (14824.88, -583.19, 21346.65) - id: 1
CalculateUnitPosition: Unit(Clone)vehicle: Wonderwagon
Player Tag: Wonderwagon Posicion: (15701.96, -705.69, 20474.53) - id: -1
Units: 24
Player Tag: Wonderwagon Posicion: (14824.88, -583.18, 21346.29) - id: 1
CalculateUnitPosition: Unit(Clone)vehicle: Wonderwagon
Player Tag: Wonderwagon Posicion: (15701.60, -705.69, 20474.46) - id: -1
Units: 24
Player Tag: Wonderwagon Posicion: (14824.88, -583.19, 21345.94) - id: 1
CalculateUnitPosition: Unit(Clone)vehicle: Wonderwagon
Player Tag: Wonderwagon Posicion: (15701.24, -705.69, 20474.39) - id: -1
Units: 24
Player Tag: Wonderwagon Posicion: (14824.88, -583.19, 21345.58) - id: 1
CalculateUnitPosition: Unit(Clone)vehicle: Wonderwagon
Player Tag: Wonderwagon Posicion: (15700.89, -705.69, 20474.32) - id: -1
Units: 24
Player Tag: Wonderwagon Posicion: (14824.88, -583.19, 21345.22) - id: 1
CalculateUnitPosition: Unit(Clone)vehicle: Wonderwagon
Player Tag: Wonderwagon Posicion: (15700.53, -705.69, 20474.25) - id: -1
Units: 24
Player Tag: Wonderwagon Posicion: (14824.88, -583.19, 21344.86) - id: 1
CalculateUnitPosition: Unit(Clone)vehicle: Wonderwagon
Player Tag: Wonderwagon Posicion: (15700.17, -705.69, 20474.18) - id: -1
Units: 24
Player Tag: Wonderwagon Posicion: (14824.87, -583.19, 21344.50) - id: 1
CalculateUnitPosition: Unit(Clone)vehicle: Wonderwagon
Player Tag: Wonderwagon Posicion: (15699.81, -705.69, 20474.11) - id: -1
Units: 24
Player Tag: Wonderwagon Posicion: (14824.87, -583.19, 21344.14) - id: 1
CalculateUnitPosition: Unit(Clone)vehicle: Wonderwagon
Player Tag: Wonderwagon Posicion: (15699.44, -705.69, 20474.03) - id: -1
Units: 24
Player Tag: Wonderwagon Posicion: (14824.87, -583.19, 21343.77) - id: 1
CalculateUnitPosition: Unit(Clone)vehicle: Wonderwagon
Player Tag: Wonderwagon Posicion: (15699.08, -705.69, 20473.96) - id: -1
Units: 24
Player Tag: Wonderwagon Posicion: (14824.87, -583.19, 21343.41) - id: 1
CalculateUnitPosition: Unit(Clone)vehicle: Wonderwagon
Player Tag: Wonderwagon Posicion: (15698.71, -705.69, 20473.89) - id: -1
Units: 24
Player Tag: Wonderwagon Posicion: (14824.87, -583.19, 21343.04) - id: 1
CalculateUnitPosition: Unit(Clone)vehicle: Wonderwagon
Player Tag: Wonderwagon Posicion: (15698.35, -705.69, 20473.81) - id: -1
Units: 24
Player Tag: Wonderwagon Posicion: (14824.86, -583.19, 21342.67) - id: 1
CalculateUnitPosition: Unit(Clone)vehicle: Wonderwagon
Player Tag: Wonderwagon Posicion: (15697.98, -705.69, 20473.74) - id: -1
Units: 24
Player Tag: Wonderwagon Posicion: (14824.86, -583.19, 21342.30) - id: 1
CalculateUnitPosition: Unit(Clone)vehicle: Wonderwagon
Player Tag: Wonderwagon Posicion: (15697.61, -705.69, 20473.67) - id: -1
Units: 24
Player Tag: Wonderwagon Posicion: (14824.86, -583.19, 21341.93) - id: 1
CalculateUnitPosition: Unit(Clone)vehicle: Wonderwagon
Player Tag: Wonderwagon Posicion: (15697.24, -705.69, 20473.59) - id: -1
Units: 24
Player Tag: Wonderwagon Posicion: (14824.86, -583.19, 21341.56) - id: 1
CalculateUnitPosition: Unit(Clone)vehicle: Wonderwagon
Player Tag: Wonderwagon Posicion: (15696.87, -705.69, 20473.52) - id: -1
Units: 24
Player Tag: Wonderwagon Posicion: (14824.86, -583.19, 21341.19) - id: 1
CalculateUnitPosition: Unit(Clone)vehicle: Wonderwagon
Player Tag: Wonderwagon Posicion: (15696.50, -705.69, 20473.44) - id: -1
Units: 24
Player Tag: Wonderwagon Posicion: (14824.86, -583.19, 21340.81) - id: 1
CalculateUnitPosition: Unit(Clone)vehicle: Wonderwagon
Player Tag: Wonderwagon Posicion: (15696.13, -705.69, 20473.37) - id: -1
Units: 24
Player Tag: Wonderwagon Posicion: (14824.86, -583.19, 21340.44) - id: 1
CalculateUnitPosition: Unit(Clone)vehicle: Wonderwagon
Player Tag: Wonderwagon Posicion: (15695.75, -705.69, 20473.29) - id: -1
Units: 24
Player Tag: Wonderwagon Posicion: (14824.86, -583.19, 21340.06) - id: 1
CalculateUnitPosition: Unit(Clone)vehicle: Wonderwagon
Player Tag: Wonderwagon Posicion: (15695.38, -705.69, 20473.21) - id: -1
Units: 24
Player Tag: Wonderwagon Posicion: (14824.86, -583.19, 21339.68) - id: 1
CalculateUnitPosition: Unit(Clone)vehicle: Wonderwagon
Player Tag: Wonderwagon Posicion: (15695.00, -705.69, 20473.14) - id: -1
Units: 24
Player Tag: Wonderwagon Posicion: (14824.86, -583.19, 21339.30) - id: 1
CalculateUnitPosition: Unit(Clone)vehicle: Wonderwagon
Player Tag: Wonderwagon Posicion: (15694.63, -705.69, 20473.06) - id: -1
Units: 24
Player Tag: Wonderwagon Posicion: (14824.86, -583.19, 21338.92) - id: 1
CalculateUnitPosition: Unit(Clone)vehicle: Wonderwagon
Player Tag: Wonderwagon Posicion: (15694.25, -705.69, 20472.99) - id: -1
Units: 24
Player Tag: Wonderwagon Posicion: (14824.86, -583.19, 21338.54) - id: 1
CalculateUnitPosition: Unit(Clone)vehicle: Wonderwagon
Player Tag: Wonderwagon Posicion: (15693.87, -705.69, 20472.91) - id: -1
Units: 24
Player Tag: Wonderwagon Posicion: (14824.86, -583.19, 21338.16) - id: 1
CalculateUnitPosition: Unit(Clone)vehicle: Wonderwagon
Player Tag: Wonderwagon Posicion: (15693.49, -705.70, 20472.83) - id: -1
Units: 24
Player Tag: Wonderwagon Posicion: (14824.86, -583.19, 21337.78) - id: 1
CalculateUnitPosition: Unit(Clone)vehicle: Wonderwagon
Player Tag: Wonderwagon Posicion: (15693.10, -705.70, 20472.75) - id: -1
Units: 24
Player Tag: Wonderwagon Posicion: (14824.86, -583.19, 21337.39) - id: 1
CalculateUnitPosition: Unit(Clone)vehicle: Wonderwagon
Player Tag: Wonderwagon Posicion: (15692.72, -705.70, 20472.68) - id: -1
Units: 24
Player Tag: Wonderwagon Posicion: (14824.86, -583.19, 21337.01) - id: 1
CalculateUnitPosition: Unit(Clone)vehicle: Wonderwagon
Player Tag: Wonderwagon Posicion: (15692.34, -705.70, 20472.60) - id: -1
Units: 24
Player Tag: Wonderwagon Posicion: (14824.86, -583.19, 21336.62) - id: 1
CalculateUnitPosition: Unit(Clone)vehicle: Wonderwagon
Player Tag: Wonderwagon Posicion: (15691.95, -705.71, 20472.52) - id: -1
Units: 24
Player Tag: Wonderwagon Posicion: (14824.86, -583.19, 21336.23) - id: 1
CalculateUnitPosition: Unit(Clone)vehicle: Wonderwagon
Player Tag: Wonderwagon Posicion: (15691.57, -705.71, 20472.44) - id: -1
Units: 24
Player Tag: Wonderwagon Posicion: (14824.86, -583.19, 21335.84) - id: 1
CalculateUnitPosition: Unit(Clone)vehicle: Wonderwagon
Player Tag: Wonderwagon Posicion: (15691.18, -705.71, 20472.36) - id: -1
Units: 24
Player Tag: Wonderwagon Posicion: (14824.86, -583.19, 21335.45) - id: 1
CalculateUnitPosition: Unit(Clone)vehicle: Wonderwagon
Player Tag: Wonderwagon Posicion: (15690.79, -705.72, 20472.27) - id: -1
Units: 24
Player Tag: Wonderwagon Posicion: (14824.86, -583.19, 21335.06) - id: 1
CalculateUnitPosition: Unit(Clone)vehicle: Wonderwagon
Player Tag: Wonderwagon Posicion: (15690.40, -705.72, 20472.19) - id: -1
Units: 24
Player Tag: Wonderwagon Posicion: (14824.86, -583.19, 21334.66) - id: 1
CalculateUnitPosition: Unit(Clone)vehicle: Wonderwagon
Player Tag: Wonderwagon Posicion: (15690.01, -705.72, 20472.11) - id: -1
Units: 24
Player Tag: Wonderwagon Posicion: (14824.86, -583.19, 21334.27) - id: 1
CalculateUnitPosition: Unit(Clone)vehicle: Wonderwagon
Player Tag: Wonderwagon Posicion: (15689.62, -705.73, 20472.03) - id: -1
Units: 24
Player Tag: Wonderwagon Posicion: (14824.86, -583.19, 21333.87) - id: 1
CalculateUnitPosition: Unit(Clone)vehicle: Wonderwagon
Player Tag: Wonderwagon Posicion: (15689.23, -705.74, 20471.95) - id: -1
Units: 24
Player Tag: Wonderwagon Posicion: (14824.86, -583.19, 21333.48) - id: 1
CalculateUnitPosition: Unit(Clone)vehicle: Wonderwagon
Player Tag: Wonderwagon Posicion: (15688.84, -705.74, 20471.86) - id: -1
Units: 24
Player Tag: Wonderwagon Posicion: (14824.86, -583.19, 21333.08) - id: 1
CalculateUnitPosition: Unit(Clone)vehicle: Wonderwagon
Player Tag: Wonderwagon Posicion: (15688.44, -705.75, 20471.78) - id: -1
Units: 24
Player Tag: Wonderwagon Posicion: (14824.86, -583.19, 21332.68) - id: 1
CalculateUnitPosition: Unit(Clone)vehicle: Wonderwagon
Player Tag: Wonderwagon Posicion: (15688.05, -705.77, 20471.69) - id: -1
Units: 24
Player Tag: Wonderwagon Posicion: (14824.86, -583.19, 21332.28) - id: 1
CalculateUnitPosition: Unit(Clone)vehicle: Wonderwagon
Player Tag: Wonderwagon Posicion: (15687.65, -705.78, 20471.61) - id: -1
Units: 24
Player Tag: Wonderwagon Posicion: (14824.86, -583.19, 21331.88) - id: 1
CalculateUnitPosition: Unit(Clone)vehicle: Wonderwagon
Player Tag: Wonderwagon Posicion: (15687.25, -705.79, 20471.52) - id: -1
Units: 24
Player Tag: Wonderwagon Posicion: (14824.86, -583.19, 21331.48) - id: 1
CalculateUnitPosition: Unit(Clone)vehicle: Wonderwagon
Player Tag: Wonderwagon Posicion: (15686.85, -705.81, 20471.44) - id: -1
Units: 24
Player Tag: Wonderwagon Posicion: (14824.86, -583.19, 21331.08) - id: 1
CalculateUnitPosition: Unit(Clone)vehicle: Wonderwagon
Player Tag: Wonderwagon Posicion: (15686.45, -705.82, 20471.35) - id: -1
Units: 24
Player Tag: Wonderwagon Posicion: (14824.86, -583.19, 21330.67) - id: 1
CalculateUnitPosition: Unit(Clone)vehicle: Wonderwagon
Player Tag: Wonderwagon Posicion: (15686.05, -705.83, 20471.27) - id: -1
Units: 24
Player Tag: Wonderwagon Posicion: (14824.87, -583.19, 21330.27) - id: 1
CalculateUnitPosition: Unit(Clone)vehicle: Wonderwagon
Player Tag: Wonderwagon Posicion: (15685.65, -705.84, 20471.18) - id: -1
Units: 24
Player Tag: Wonderwagon Posicion: (14824.87, -583.19, 21329.86) - id: 1
CalculateUnitPosition: Unit(Clone)vehicle: Wonderwagon
Player Tag: Wonderwagon Posicion: (15685.24, -705.86, 20471.09) - id: -1
Units: 24
Player Tag: Wonderwagon Posicion: (14824.87, -583.19, 21329.45) - id: 1
CalculateUnitPosition: Unit(Clone)vehicle: Wonderwagon
Player Tag: Wonderwagon Posicion: (15684.84, -705.87, 20471.00) - id: -1
Units: 24
Player Tag: Wonderwagon Posicion: (14824.87, -583.19, 21329.04) - id: 1
CalculateUnitPosition: Unit(Clone)vehicle: Wonderwagon
Player Tag: Wonderwagon Posicion: (15684.43, -705.88, 20470.92) - id: -1
Units: 24
Player Tag: Wonderwagon Posicion: (14824.87, -583.19, 21328.63) - id: 1
CalculateUnitPosition: Unit(Clone)vehicle: Wonderwagon
Player Tag: Wonderwagon Posicion: (15684.02, -705.89, 20470.83) - id: -1
Units: 24
Player Tag: Wonderwagon Posicion: (14824.87, -583.19, 21328.22) - id: 1
CalculateUnitPosition: Unit(Clone)vehicle: Wonderwagon
Player Tag: Wonderwagon Posicion: (15683.62, -705.90, 20470.74) - id: -1
Units: 24
Player Tag: Wonderwagon Posicion: (14824.88, -583.19, 21327.81) - id: 1
CalculateUnitPosition: Unit(Clone)vehicle: Wonderwagon
Player Tag: Wonderwagon Posicion: (15683.20, -705.91, 20470.65) - id: -1
Units: 24
Player Tag: Wonderwagon Posicion: (14824.88, -583.19, 21327.40) - id: 1
CalculateUnitPosition: Unit(Clone)vehicle: Wonderwagon
Player Tag: Wonderwagon Posicion: (15682.79, -705.92, 20470.56) - id: -1
Units: 24
Player Tag: Wonderwagon Posicion: (14824.88, -583.19, 21326.98) - id: 1
CalculateUnitPosition: Unit(Clone)vehicle: Wonderwagon
Player Tag: Wonderwagon Posicion: (15682.38, -705.93, 20470.47) - id: -1
Units: 24
Player Tag: Wonderwagon Posicion: (14824.88, -583.19, 21326.57) - id: 1
CalculateUnitPosition: Unit(Clone)vehicle: Wonderwagon
Player Tag: Wonderwagon Posicion: (15681.96, -705.94, 20470.38) - id: -1
Units: 24
Player Tag: Wonderwagon Posicion: (14824.88, -583.19, 21326.15) - id: 1
CalculateUnitPosition: Unit(Clone)vehicle: Wonderwagon
Player Tag: Wonderwagon Posicion: (15681.54, -705.95, 20470.29) - id: -1
Units: 24
Player Tag: Wonderwagon Posicion: (14824.88, -583.19, 21325.74) - id: 1
CalculateUnitPosition: Unit(Clone)vehicle: Wonderwagon
Player Tag: Wonderwagon Posicion: (15681.12, -705.96, 20470.20) - id: -1
Units: 24
Player Tag: Wonderwagon Posicion: (14824.89, -583.19, 21325.32) - id: 1
CalculateUnitPosition: Unit(Clone)vehicle: Wonderwagon
Player Tag: Wonderwagon Posicion: (15680.70, -705.96, 20470.10) - id: -1
Units: 24
Player Tag: Wonderwagon Posicion: (14824.89, -583.19, 21324.90) - id: 1
CalculateUnitPosition: Unit(Clone)vehicle: Wonderwagon
Player Tag: Wonderwagon Posicion: (15680.28, -705.97, 20470.01) - id: -1
Units: 24
Player Tag: Wonderwagon Posicion: (14824.89, -583.19, 21324.48) - id: 1
CalculateUnitPosition: Unit(Clone)vehicle: Wonderwagon
Player Tag: Wonderwagon Posicion: (15679.85, -705.97, 20469.91) - id: -1
Units: 24
Player Tag: Wonderwagon Posicion: (14824.89, -583.19, 21324.06) - id: 1
CalculateUnitPosition: Unit(Clone)vehicle: Wonderwagon
Player Tag: Wonderwagon Posicion: (15679.43, -705.98, 20469.82) - id: -1
Units: 24
Player Tag: Wonderwagon Posicion: (14824.90, -583.19, 21323.63) - id: 1
CalculateUnitPosition: Unit(Clone)vehicle: Wonderwagon
Player Tag: Wonderwagon Posicion: (15679.00, -705.98, 20469.72) - id: -1
Units: 24
Player Tag: Wonderwagon Posicion: (14824.90, -583.19, 21323.21) - id: 1
CalculateUnitPosition: Unit(Clone)vehicle: Wonderwagon
Player Tag: Wonderwagon Posicion: (15678.57, -705.98, 20469.62) - id: -1
Units: 24
Player Tag: Wonderwagon Posicion: (14824.90, -583.19, 21322.79) - id: 1
CalculateUnitPosition: Unit(Clone)vehicle: Wonderwagon
Player Tag: Wonderwagon Posicion: (15678.14, -705.98, 20469.52) - id: -1
Units: 24
Player Tag: Wonderwagon Posicion: (14824.91, -583.19, 21322.36) - id: 1
CalculateUnitPosition: Unit(Clone)vehicle: Wonderwagon
Player Tag: Wonderwagon Posicion: (15677.71, -705.98, 20469.43) - id: -1
Units: 24
Player Tag: Wonderwagon Posicion: (14824.91, -583.19, 21321.93) - id: 1
CalculateUnitPosition: Unit(Clone)vehicle: Wonderwagon
Player Tag: Wonderwagon Posicion: (15677.27, -705.98, 20469.32) - id: -1
Units: 24
Player Tag: Wonderwagon Posicion: (14824.91, -583.19, 21321.51) - id: 1
CalculateUnitPosition: Unit(Clone)vehicle: Wonderwagon
Player Tag: Wonderwagon Posicion: (15676.84, -705.98, 20469.22) - id: -1
Units: 24
Player Tag: Wonderwagon Posicion: (14825.30, -576.13, 21382.60) - id: 1
CalculateUnitPosition: Unit(Clone)vehicle: Wonderwagon
Player Tag: Wonderwagon Posicion: (15676.40, -705.98, 20469.12) - id: -1
Units: 24
Player Tag: Wonderwagon Posicion: (14825.30, -576.15, 21381.49) - id: 1
CalculateUnitPosition: Unit(Clone)vehicle: Wonderwagon
Player Tag: Wonderwagon Posicion: (15675.97, -705.99, 20469.01) - id: -1
Units: 24
Player Tag: Wonderwagon Posicion: (14825.30, -576.20, 21380.38) - id: 1
CalculateUnitPosition: Unit(Clone)vehicle: Wonderwagon
Player Tag: Wonderwagon Posicion: (15675.53, -705.99, 20468.91) - id: -1
Units: 24
Player Tag: Wonderwagon Posicion: (14825.30, -576.26, 21379.28) - id: 1
CalculateUnitPosition: Unit(Clone)vehicle: Wonderwagon
Player Tag: Wonderwagon Posicion: (15675.09, -706.00, 20468.80) - id: -1
Units: 24
Player Tag: Wonderwagon Posicion: (14825.30, -576.35, 21378.19) - id: 1
CalculateUnitPosition: Unit(Clone)vehicle: Wonderwagon
Player Tag: Wonderwagon Posicion: (15674.65, -706.01, 20468.70) - id: -1
Units: 24
Player Tag: Wonderwagon Posicion: (14825.30, -576.46, 21377.10) - id: 1
CalculateUnitPosition: Unit(Clone)vehicle: Wonderwagon
Player Tag: Wonderwagon Posicion: (15674.21, -706.02, 20468.59) - id: -1
Units: 24
Player Tag: Wonderwagon Posicion: (14825.30, -576.59, 21376.02) - id: 1
CalculateUnitPosition: Unit(Clone)vehicle: Wonderwagon
Player Tag: Wonderwagon Posicion: (15673.77, -706.03, 20468.48) - id: -1
Units: 24
Player Tag: Wonderwagon Posicion: (14825.30, -576.74, 21374.95) - id: 1
CalculateUnitPosition: Unit(Clone)vehicle: Wonderwagon
Player Tag: Wonderwagon Posicion: (15673.33, -706.03, 20468.37) - id: -1
Units: 24
Player Tag: Wonderwagon Posicion: (14825.30, -576.91, 21373.88) - id: 1
CalculateUnitPosition: Unit(Clone)vehicle: Wonderwagon
Player Tag: Wonderwagon Posicion: (15672.89, -706.04, 20468.27) - id: -1
Units: 24
Player Tag: Wonderwagon Posicion: (14825.30, -577.11, 21372.81) - id: 1
CalculateUnitPosition: Unit(Clone)vehicle: Wonderwagon
Player Tag: Wonderwagon Posicion: (15672.45, -706.05, 20468.16) - id: -1
Units: 24
Player Tag: Wonderwagon Posicion: (14825.30, -577.32, 21371.75) - id: 1
CalculateUnitPosition: Unit(Clone)vehicle: Wonderwagon
Player Tag: Wonderwagon Posicion: (15672.00, -706.05, 20468.05) - id: -1
Units: 24
Player Tag: Wonderwagon Posicion: (14825.30, -577.56, 21370.70) - id: 1
CalculateUnitPosition: Unit(Clone)vehicle: Wonderwagon
Player Tag: Wonderwagon Posicion: (15671.56, -706.05, 20467.94) - id: -1
Units: 24
Player Tag: Wonderwagon Posicion: (14825.30, -577.81, 21369.65) - id: 1
CalculateUnitPosition: Unit(Clone)vehicle: Wonderwagon
Player Tag: Wonderwagon Posicion: (15671.11, -706.05, 20467.83) - id: -1
Units: 24
Player Tag: Wonderwagon Posicion: (14825.30, -578.09, 21368.61) - id: 1
CalculateUnitPosition: Unit(Clone)vehicle: Wonderwagon
Player Tag: Wonderwagon Posicion: (15670.67, -706.05, 20467.72) - id: -1
Units: 24
Player Tag: Wonderwagon Posicion: (14825.30, -578.39, 21367.57) - id: 1
CalculateUnitPosition: Unit(Clone)vehicle: Wonderwagon
Player Tag: Wonderwagon Posicion: (15670.22, -706.05, 20467.61) - id: -1
Units: 24
Player Tag: Wonderwagon Posicion: (14825.30, -578.70, 21366.54) - id: 1
CalculateUnitPosition: Unit(Clone)vehicle: Wonderwagon
Player Tag: Wonderwagon Posicion: (15669.77, -706.05, 20467.50) - id: -1
Units: 24
Player Tag: Wonderwagon Posicion: (14825.30, -579.04, 21365.51) - id: 1
CalculateUnitPosition: Unit(Clone)vehicle: Wonderwagon
Player Tag: Wonderwagon Posicion: (15669.32, -706.05, 20467.39) - id: -1
Units: 24
Player Tag: Wonderwagon Posicion: (14825.30, -579.40, 21364.49) - id: 1
CalculateUnitPosition: Unit(Clone)vehicle: Wonderwagon
Player Tag: Wonderwagon Posicion: (15668.87, -706.05, 20467.28) - id: -1
Units: 24
Player Tag: Wonderwagon Posicion: (14825.30, -579.78, 21363.47) - id: 1
CalculateUnitPosition: Unit(Clone)vehicle: Wonderwagon
Player Tag: Wonderwagon Posicion: (15668.42, -706.05, 20467.17) - id: -1
Units: 24
Player Tag: Wonderwagon Posicion: (14825.30, -580.18, 21362.46) - id: 1
CalculateUnitPosition: Unit(Clone)vehicle: Wonderwagon
Player Tag: Wonderwagon Posicion: (15667.97, -706.06, 20467.06) - id: -1
Units: 24
Player Tag: Wonderwagon Posicion: (14825.30, -580.59, 21361.46) - id: 1
CalculateUnitPosition: Unit(Clone)vehicle: Wonderwagon
Player Tag: Wonderwagon Posicion: (15667.52, -706.06, 20466.95) - id: -1
Units: 24
Player Tag: Wonderwagon Posicion: (14825.30, -581.03, 21360.46) - id: 1
CalculateUnitPosition: Unit(Clone)vehicle: Wonderwagon
Player Tag: Wonderwagon Posicion: (15667.07, -706.07, 20466.84) - id: -1
Units: 24
Player Tag: Wonderwagon Posicion: (14825.30, -581.49, 21359.46) - id: 1
CalculateUnitPosition: Unit(Clone)vehicle: Wonderwagon
Player Tag: Wonderwagon Posicion: (15666.62, -706.08, 20466.73) - id: -1
Units: 24
Player Tag: Wonderwagon Posicion: (14825.30, -581.97, 21358.48) - id: 1
CalculateUnitPosition: Unit(Clone)vehicle: Wonderwagon
Player Tag: Wonderwagon Posicion: (15666.17, -706.09, 20466.62) - id: -1
Units: 24
Player Tag: Wonderwagon Posicion: (14825.30, -582.46, 21357.49) - id: 1
CalculateUnitPosition: Unit(Clone)vehicle: Wonderwagon
Player Tag: Wonderwagon Posicion: (15665.71, -706.10, 20466.51) - id: -1
Units: 24
Player Tag: Wonderwagon Posicion: (14825.30, -582.98, 21356.51) - id: 1
CalculateUnitPosition: Unit(Clone)vehicle: Wonderwagon
Player Tag: Wonderwagon Posicion: (15665.26, -706.12, 20466.39) - id: -1
Units: 24
Player Tag: Wonderwagon Posicion: (14825.30, -583.47, 21355.54) - id: 1
CalculateUnitPosition: Unit(Clone)vehicle: Wonderwagon
Player Tag: Wonderwagon Posicion: (15664.80, -706.13, 20466.28) - id: -1
Units: 24
Player Tag: Wonderwagon Posicion: (14825.30, -583.86, 21354.57) - id: 1
CalculateUnitPosition: Unit(Clone)vehicle: Wonderwagon
Player Tag: Wonderwagon Posicion: (15664.34, -706.14, 20466.17) - id: -1
Units: 24
Player Tag: Wonderwagon Posicion: (14825.30, -583.99, 21353.61) - id: 1
CalculateUnitPosition: Unit(Clone)vehicle: Wonderwagon
Player Tag: Wonderwagon Posicion: (15663.89, -706.15, 20466.06) - id: -1
Units: 24
Player Tag: Wonderwagon Posicion: (14825.30, -584.00, 21352.65) - id: 1
CalculateUnitPosition: Unit(Clone)vehicle: Wonderwagon
Player Tag: Wonderwagon Posicion: (15663.43, -706.15, 20465.95) - id: -1
Units: 24
Player Tag: Wonderwagon Posicion: (14825.30, -583.92, 21351.68) - id: 1
CalculateUnitPosition: Unit(Clone)vehicle: Wonderwagon
Player Tag: Wonderwagon Posicion: (15662.97, -706.16, 20465.84) - id: -1
Units: 24
Player Tag: Wonderwagon Posicion: (14825.30, -583.79, 21350.71) - id: 1
CalculateUnitPosition: Unit(Clone)vehicle: Wonderwagon
Player Tag: Wonderwagon Posicion: (15662.51, -706.16, 20465.73) - id: -1
Units: 24
Player Tag: Wonderwagon Posicion: (14825.29, -583.64, 21349.74) - id: 1
CalculateUnitPosition: Unit(Clone)vehicle: Wonderwagon
Player Tag: Wonderwagon Posicion: (15662.04, -706.16, 20465.62) - id: -1
Units: 24
Player Tag: Wonderwagon Posicion: (14825.29, -583.50, 21348.77) - id: 1
CalculateUnitPosition: Unit(Clone)vehicle: Wonderwagon
Player Tag: Wonderwagon Posicion: (15661.58, -706.17, 20465.51) - id: -1
Units: 24
Player Tag: Wonderwagon Posicion: (14825.28, -583.36, 21347.79) - id: 1
CalculateUnitPosition: Unit(Clone)vehicle: Wonderwagon
Player Tag: Wonderwagon Posicion: (15661.12, -706.17, 20465.39) - id: -1
Units: 24
Player Tag: Wonderwagon Posicion: (14825.28, -583.22, 21346.81) - id: 1
CalculateUnitPosition: Unit(Clone)vehicle: Wonderwagon
Player Tag: Wonderwagon Posicion: (15660.65, -706.17, 20465.28) - id: -1
Units: 24
Player Tag: Wonderwagon Posicion: (14825.27, -583.09, 21345.82) - id: 1
Unloading 4 Unused Serialized files (Serialized files now loaded: 0)
UnloadTime: 3.656100 ms
Unloading 181 unused Assets to reduce memory usage. Loaded Objects now: 7486.
Total: 14.223000 ms (FindLiveObjects: 0.534000 ms CreateObjectMapping: 0.232400 ms MarkObjects: 12.890500 ms  DeleteObjects: 0.565400 ms)

Unloading 3 Unused Serialized files (Serialized files now loaded: 0)
UnloadTime: 1.919600 ms
Unloading 3 unused Assets to reduce memory usage. Loaded Objects now: 7486.
Total: 15.536800 ms (FindLiveObjects: 0.656700 ms CreateObjectMapping: 0.319000 ms MarkObjects: 14.490300 ms  DeleteObjects: 0.070200 ms)

NullReferenceException: Object reference not set to an instance of an object
  at V2UnityDiscordIntercept.VigClient.Disconnect (System.String byeMessage) [0x0000b] in <8fc5beebe011408da55448c6575062a7>:0 
  at V2UnityDiscordIntercept.Patches.DiscordController_DisconnectNetwork2_Patch.DisconnectNetwork2 () [0x0002a] in <8fc5beebe011408da55448c6575062a7>:0 
  at (wrapper dynamic-method) DiscordController.DMD<DiscordController::DisconnectNetwork2>(DiscordController)
  at V2UnityDiscordIntercept.Patches.DiscordController_OnApplicationQuit_Patch.OnApplicationQuit (DiscordController __instance) [0x0000a] in <8fc5beebe011408da55448c6575062a7>:0 
  at (wrapper dynamic-method) DiscordController.DMD<DiscordController::OnApplicationQuit>(DiscordController)

Call to DeinitializeLoader without an initialized manager.Please make sure to wait for initialization to complete before calling this API.
Memory Statistics:
[ALLOC_TEMP_TLS] TLS Allocator
  StackAllocators : 
    [ALLOC_TEMP_MAIN]
      Peak usage frame count: [0-1.0 KB]: 22025 frames, [1.0 KB-2.0 KB]: 18 frames, [2.0 KB-4.0 KB]: 2122 frames, [4.0 KB-8.0 KB]: 53 frames, [8.0 KB-16.0 KB]: 1 frames, [16.0 KB-32.0 KB]: 28 frames, [32.0 KB-64.0 KB]: 1 frames, [64.0 KB-128.0 KB]: 1 frames, [0.5 MB-1.0 MB]: 6 frames, [2.0 MB-4.0 MB]: 1 frames
      Initial Block Size 4.0 MB
      Current Block Size 4.0 MB
      Peak Allocated Bytes 2.1 MB
      Overflow Count 0
    [ALLOC_TEMP_Loading.AsyncRead]
      Initial Block Size 64.0 KB
      Current Block Size 96.0 KB
      Peak Allocated Bytes 95.9 KB
      Overflow Count 0
    [ALLOC_TEMP_Loading.PreloadManager]
      Initial Block Size 256.0 KB
      Current Block Size 464.0 KB
      Peak Allocated Bytes 438.8 KB
      Overflow Count 41
    [ALLOC_TEMP_Background Job.Worker 8]
      Initial Block Size 32.0 KB
      Current Block Size 32.0 KB
      Peak Allocated Bytes 504 B
      Overflow Count 0
    [ALLOC_TEMP_Job.Worker 6]
      Initial Block Size 256.0 KB
      Current Block Size 256.0 KB
      Peak Allocated Bytes 51.7 KB
      Overflow Count 0
    [ALLOC_TEMP_Job.Worker 0]
      Initial Block Size 256.0 KB
      Current Block Size 256.0 KB
      Peak Allocated Bytes 51.7 KB
      Overflow Count 0
    [ALLOC_TEMP_Background Job.Worker 10]
      Initial Block Size 32.0 KB
      Current Block Size 32.0 KB
      Peak Allocated Bytes 0.5 KB
      Overflow Count 0
    [ALLOC_TEMP_Background Job.Worker 9]
      Initial Block Size 32.0 KB
      Current Block Size 32.0 KB
      Peak Allocated Bytes 0.5 KB
      Overflow Count 0
    [ALLOC_TEMP_Job.Worker 5]
      Initial Block Size 256.0 KB
      Current Block Size 256.0 KB
      Peak Allocated Bytes 50.6 KB
      Overflow Count 0
    [ALLOC_TEMP_Background Job.Worker 14]
      Initial Block Size 32.0 KB
      Current Block Size 32.0 KB
      Peak Allocated Bytes 459 B
      Overflow Count 0
    [ALLOC_TEMP_Background Job.Worker 6]
      Initial Block Size 32.0 KB
      Current Block Size 32.0 KB
      Peak Allocated Bytes 0.5 KB
      Overflow Count 0
    [ALLOC_TEMP_Job.Worker 4]
      Initial Block Size 256.0 KB
      Current Block Size 256.0 KB
      Peak Allocated Bytes 51.7 KB
      Overflow Count 0
    [ALLOC_TEMP_Job.Worker 3]
      Initial Block Size 256.0 KB
      Current Block Size 256.0 KB
      Peak Allocated Bytes 51.7 KB
      Overflow Count 0
    [ALLOC_TEMP_Background Job.Worker 12]
      Initial Block Size 32.0 KB
      Current Block Size 32.0 KB
      Peak Allocated Bytes 498 B
      Overflow Count 0
    [ALLOC_TEMP_EnlightenWorker] x 6
      Initial Block Size 64.0 KB
      Current Block Size 64.0 KB
      Peak Allocated Bytes 54 B
      Overflow Count 0
    [ALLOC_TEMP_Background Job.Worker 15]
      Initial Block Size 32.0 KB
      Current Block Size 32.0 KB
      Peak Allocated Bytes 471 B
      Overflow Count 0
    [ALLOC_TEMP_Background Job.Worker 1]
      Initial Block Size 32.0 KB
      Current Block Size 32.0 KB
      Peak Allocated Bytes 0.5 KB
      Overflow Count 0
    [ALLOC_TEMP_Background Job.Worker 2]
      Initial Block Size 32.0 KB
      Current Block Size 32.0 KB
      Peak Allocated Bytes 504 B
      Overflow Count 0
    [ALLOC_TEMP_Background Job.Worker 7]
      Initial Block Size 32.0 KB
      Current Block Size 32.0 KB
      Peak Allocated Bytes 510 B
      Overflow Count 0
    [ALLOC_TEMP_UnityGfxDeviceWorker]
      Initial Block Size 256.0 KB
      Current Block Size 256.0 KB
      Peak Allocated Bytes 1.4 KB
      Overflow Count 0
    [ALLOC_TEMP_AssetGarbageCollectorHelper] x 11
      Initial Block Size 64.0 KB
      Current Block Size 64.0 KB
      Peak Allocated Bytes 0 B
      Overflow Count 0
    [ALLOC_TEMP_Background Job.Worker 5]
      Initial Block Size 32.0 KB
      Current Block Size 32.0 KB
      Peak Allocated Bytes 501 B
      Overflow Count 0
    [ALLOC_TEMP_Job.Worker 9]
      Initial Block Size 256.0 KB
      Current Block Size 256.0 KB
      Peak Allocated Bytes 51.7 KB
      Overflow Count 0
    [ALLOC_TEMP_Background Job.Worker 13]
      Initial Block Size 32.0 KB
      Current Block Size 32.0 KB
      Peak Allocated Bytes 474 B
      Overflow Count 0
    [ALLOC_TEMP_Job.Worker 8]
      Initial Block Size 256.0 KB
      Current Block Size 256.0 KB
      Peak Allocated Bytes 51.7 KB
      Overflow Count 0
    [ALLOC_TEMP_Job.Worker 7]
      Initial Block Size 256.0 KB
      Current Block Size 256.0 KB
      Peak Allocated Bytes 51.7 KB
      Overflow Count 0
    [ALLOC_TEMP_Job.Worker 1]
      Initial Block Size 256.0 KB
      Current Block Size 256.0 KB
      Peak Allocated Bytes 51.7 KB
      Overflow Count 0
    [ALLOC_TEMP_Job.Worker 2]
      Initial Block Size 256.0 KB
      Current Block Size 256.0 KB
      Peak Allocated Bytes 51.7 KB
      Overflow Count 0
    [ALLOC_TEMP_Background Job.Worker 3]
      Initial Block Size 32.0 KB
      Current Block Size 32.0 KB
      Peak Allocated Bytes 507 B
      Overflow Count 0
    [ALLOC_TEMP_Background Job.Worker 11]
      Initial Block Size 32.0 KB
      Current Block Size 32.0 KB
      Peak Allocated Bytes 498 B
      Overflow Count 0
    [ALLOC_TEMP_Job.Worker 10]
      Initial Block Size 256.0 KB
      Current Block Size 256.0 KB
      Peak Allocated Bytes 51.7 KB
      Overflow Count 0
    [ALLOC_TEMP_Background Job.Worker 0]
      Initial Block Size 32.0 KB
      Current Block Size 32.0 KB
      Peak Allocated Bytes 492 B
      Overflow Count 0
    [ALLOC_TEMP_D3D12 Submission Thread]
      Initial Block Size 64.0 KB
      Current Block Size 64.0 KB
      Peak Allocated Bytes 8.6 KB
      Overflow Count 0
    [ALLOC_TEMP_Background Job.Worker 4]
      Initial Block Size 32.0 KB
      Current Block Size 32.0 KB
      Peak Allocated Bytes 501 B
      Overflow Count 0
    [ALLOC_TEMP_BatchDeleteObjects]
      Initial Block Size 64.0 KB
      Current Block Size 64.0 KB
      Peak Allocated Bytes 54 B
      Overflow Count 0
[ALLOC_DEFAULT] Dual Thread Allocator
  Peak main deferred allocation count 548
    [ALLOC_BUCKET]
      Large Block size 4.0 MB
      Used Block count 1
      Peak Allocated bytes 3.9 MB
      Failed Allocations. Bucket layout:
        16B: 18 Subsections = 18432 buckets. Failed count: 0
        32B: 35 Subsections = 17920 buckets. Failed count: 0
        48B: 87 Subsections = 29696 buckets. Failed count: 10089
        64B: 44 Subsections = 11264 buckets. Failed count: 2051
        80B: 35 Subsections = 7168 buckets. Failed count: 5
        96B: 6 Subsections = 1024 buckets. Failed count: 0
        112B: 15 Subsections = 2194 buckets. Failed count: 0
        128B: 16 Subsections = 2048 buckets. Failed count: 0
    [ALLOC_DEFAULT_MAIN]
      Peak usage frame count: [8.0 MB-16.0 MB]: 1 frames, [32.0 MB-64.0 MB]: 1 frames, [64.0 MB-128.0 MB]: 8 frames, [128.0 MB-256.0 MB]: 16 frames, [256.0 MB-0.50 GB]: 31 frames, [0.50 GB-1.00 GB]: 61 frames, [1.00 GB-2.00 GB]: 24138 frames
      Requested Block Size 16.0 MB
      Peak Block count 3
      Peak Allocated memory 1.73 GB
      Peak Large allocation bytes 1.69 GB
    [ALLOC_DEFAULT_THREAD]
      Peak usage frame count: [16.0 MB-32.0 MB]: 2 frames, [32.0 MB-64.0 MB]: 53 frames, [64.0 MB-128.0 MB]: 93 frames, [128.0 MB-256.0 MB]: 24108 frames
      Requested Block Size 16.0 MB
      Peak Block count 10
      Peak Allocated memory 167.1 MB
      Peak Large allocation bytes 16.0 MB
[ALLOC_TEMP_JOB_1_FRAME]
  Initial Block Size 2.0 MB
  Used Block Count 1
  Overflow Count (too large) 0
  Overflow Count (full) 0
[ALLOC_TEMP_JOB_2_FRAMES]
  Initial Block Size 2.0 MB
  Used Block Count 1
  Overflow Count (too large) 0
  Overflow Count (full) 0
[ALLOC_TEMP_JOB_4_FRAMES (JobTemp)]
  Initial Block Size 2.0 MB
  Used Block Count 2
  Overflow Count (too large) 0
  Overflow Count (full) 0
[ALLOC_TEMP_JOB_ASYNC (Background)]
  Initial Block Size 1.0 MB
  Used Block Count 3
  Overflow Count (too large) 0
  Overflow Count (full) 0
[ALLOC_GFX] Dual Thread Allocator
  Peak main deferred allocation count 83
    [ALLOC_BUCKET]
      Large Block size 4.0 MB
      Used Block count 1
      Peak Allocated bytes 3.9 MB
      Failed Allocations. Bucket layout:
        16B: 18 Subsections = 18432 buckets. Failed count: 0
        32B: 35 Subsections = 17920 buckets. Failed count: 0
        48B: 87 Subsections = 29696 buckets. Failed count: 10089
        64B: 44 Subsections = 11264 buckets. Failed count: 2051
        80B: 35 Subsections = 7168 buckets. Failed count: 5
        96B: 6 Subsections = 1024 buckets. Failed count: 0
        112B: 15 Subsections = 2194 buckets. Failed count: 0
        128B: 16 Subsections = 2048 buckets. Failed count: 0
    [ALLOC_GFX_MAIN]
      Peak usage frame count: [128.0 KB-256.0 KB]: 12717 frames, [256.0 KB-0.5 MB]: 1334 frames, [2.0 MB-4.0 MB]: 1 frames, [16.0 MB-32.0 MB]: 10202 frames, [32.0 MB-64.0 MB]: 2 frames
      Requested Block Size 16.0 MB
      Peak Block count 3
      Peak Allocated memory 41.5 MB
      Peak Large allocation bytes 0 B
    [ALLOC_GFX_THREAD]
      Peak usage frame count: [8.0 MB-16.0 MB]: 16109 frames, [16.0 MB-32.0 MB]: 8147 frames
      Requested Block Size 16.0 MB
      Peak Block count 2
      Peak Allocated memory 23.3 MB
      Peak Large allocation bytes 10.4 MB
[ALLOC_CACHEOBJECTS] Dual Thread Allocator
  Peak main deferred allocation count 27
    [ALLOC_BUCKET]
      Large Block size 4.0 MB
      Used Block count 1
      Peak Allocated bytes 3.9 MB
      Failed Allocations. Bucket layout:
        16B: 18 Subsections = 18432 buckets. Failed count: 0
        32B: 35 Subsections = 17920 buckets. Failed count: 0
        48B: 87 Subsections = 29696 buckets. Failed count: 10089
        64B: 44 Subsections = 11264 buckets. Failed count: 2051
        80B: 35 Subsections = 7168 buckets. Failed count: 5
        96B: 6 Subsections = 1024 buckets. Failed count: 0
        112B: 15 Subsections = 2194 buckets. Failed count: 0
        128B: 16 Subsections = 2048 buckets. Failed count: 0
    [ALLOC_CACHEOBJECTS_MAIN]
      Peak usage frame count: [2.0 MB-4.0 MB]: 14052 frames, [4.0 MB-8.0 MB]: 10204 frames
      Requested Block Size 4.0 MB
      Peak Block count 2
      Peak Allocated memory 5.7 MB
      Peak Large allocation bytes 0 B
    [ALLOC_CACHEOBJECTS_THREAD]
      Peak usage frame count: [0.5 MB-1.0 MB]: 14031 frames, [1.0 MB-2.0 MB]: 1 frames, [2.0 MB-4.0 MB]: 10222 frames, [4.0 MB-8.0 MB]: 2 frames
      Requested Block Size 4.0 MB
      Peak Block count 2
      Peak Allocated memory 4.2 MB
      Peak Large allocation bytes 0 B
[ALLOC_TYPETREE] Dual Thread Allocator
  Peak main deferred allocation count 0
    [ALLOC_BUCKET]
      Large Block size 4.0 MB
      Used Block count 1
      Peak Allocated bytes 3.9 MB
      Failed Allocations. Bucket layout:
        16B: 18 Subsections = 18432 buckets. Failed count: 0
        32B: 35 Subsections = 17920 buckets. Failed count: 0
        48B: 87 Subsections = 29696 buckets. Failed count: 10089
        64B: 44 Subsections = 11264 buckets. Failed count: 2051
        80B: 35 Subsections = 7168 buckets. Failed count: 5
        96B: 6 Subsections = 1024 buckets. Failed count: 0
        112B: 15 Subsections = 2194 buckets. Failed count: 0
        128B: 16 Subsections = 2048 buckets. Failed count: 0
    [ALLOC_TYPETREE_MAIN]
      Peak usage frame count: [0-1.0 KB]: 14052 frames, [4.0 KB-8.0 KB]: 10204 frames
      Requested Block Size 2.0 MB
      Peak Block count 1
      Peak Allocated memory 4.6 KB
      Peak Large allocation bytes 0 B
    [ALLOC_TYPETREE_THREAD]
      Peak usage frame count: [256.0 KB-0.5 MB]: 24256 frames
      Requested Block Size 2.0 MB
      Peak Block count 1
      Peak Allocated memory 313.1 KB
      Peak Large allocation bytes 0 B
