[Message: Preloader] BepInEx 6.0.0-pre.1 - V8SO
[Info   :   BepInEx] System platform: Windows 10 64-bit
[Info   :   BepInEx] Process bitness: 64-bit (x64)
[Info   : Preloader] Running under Unity v2022.1.0.2267647
[Info   : Preloader] CLR runtime version: 4.0.30319.42000
[Info   : Preloader] Supports SRE: True
[Message: Preloader] Preloader started
[Fatal  : Preloader] Could not run preloader!
[Fatal  : Preloader] System.TypeInitializationException: The type initializer for 'BepInEx.Preloader.Core.Patching.AssemblyPatcher' threw an exception. ---> System.IO.IOException: Sharing violation on path C:\Users\marlo\Downloads\Compressed\Github\V8SO-Online\V8SO-Unity\Build\Windows\V8GO-DEBUG2\BepInEx\config\BepInEx.cfg
  at System.IO.FileStream..ctor (System.String path, System.IO.FileMode mode, System.IO.FileAccess access, System.IO.FileShare share, System.Int32 bufferSize, System.Boolean anonymous, System.IO.FileOptions options) [0x0019e] in <231f6c5a042647adb84a9cc42c982c35>:0 
  at System.IO.FileStream..ctor (System.String path, System.IO.FileMode mode, System.IO.FileAccess access, System.IO.FileShare share, System.Int32 bufferSize, System.IO.FileOptions options) [0x00000] in <231f6c5a042647adb84a9cc42c982c35>:0 
  at (wrapper remoting-invoke-with-check) System.IO.FileStream..ctor(string,System.IO.FileMode,System.IO.FileAccess,System.IO.FileShare,int,System.IO.FileOptions)
  at System.IO.StreamWriter..ctor (System.String path, System.Boolean append, System.Text.Encoding encoding, System.Int32 bufferSize) [0x00055] in <231f6c5a042647adb84a9cc42c982c35>:0 
  at System.IO.StreamWriter..ctor (System.String path, System.Boolean append, System.Text.Encoding encoding) [0x00000] in <231f6c5a042647adb84a9cc42c982c35>:0 
  at (wrapper remoting-invoke-with-check) System.IO.StreamWriter..ctor(string,bool,System.Text.Encoding)
  at BepInEx.Configuration.ConfigFile.Save () [0x0002f] in <52a40f0507f5457b96494c74b45447c9>:0 
  at BepInEx.Configuration.ConfigFile.Bind[T] (BepInEx.Configuration.ConfigDefinition configDefinition, T defaultValue, BepInEx.Configuration.ConfigDescription configDescription) [0x000cd] in <52a40f0507f5457b96494c74b45447c9>:0 
  at BepInEx.Configuration.ConfigFile.Bind[T] (System.String section, System.String key, T defaultValue, System.String description) [0x00017] in <52a40f0507f5457b96494c74b45447c9>:0 
  at BepInEx.Preloader.Core.Patching.AssemblyPatcher..cctor () [0x00047] in <431edd8a190e4d69b12ce4097765ed43>:0 
   --- End of inner exception stack trace ---
  at BepInEx.Preloader.Unity.UnityPreloader.Run () [0x0021c] in <0a3cbb2b4e0845f19cd08b8660dd775f>:0 
[Info   :   Console] BepInEx.Preloader.Core.Logging.PreloaderConsoleListener
System.TypeInitializationException: The type initializer for 'BepInEx.Preloader.Core.Patching.AssemblyPatcher' threw an exception. ---> System.IO.IOException: Sharing violation on path C:\Users\marlo\Downloads\Compressed\Github\V8SO-Online\V8SO-Unity\Build\Windows\V8GO-DEBUG2\BepInEx\config\BepInEx.cfg
  at System.IO.FileStream..ctor (System.String path, System.IO.FileMode mode, System.IO.FileAccess access, System.IO.FileShare share, System.Int32 bufferSize, System.Boolean anonymous, System.IO.FileOptions options) [0x0019e] in <231f6c5a042647adb84a9cc42c982c35>:0 
  at System.IO.FileStream..ctor (System.String path, System.IO.FileMode mode, System.IO.FileAccess access, System.IO.FileShare share, System.Int32 bufferSize, System.IO.FileOptions options) [0x00000] in <231f6c5a042647adb84a9cc42c982c35>:0 
  at (wrapper remoting-invoke-with-check) System.IO.FileStream..ctor(string,System.IO.FileMode,System.IO.FileAccess,System.IO.FileShare,int,System.IO.FileOptions)
  at System.IO.StreamWriter..ctor (System.String path, System.Boolean append, System.Text.Encoding encoding, System.Int32 bufferSize) [0x00055] in <231f6c5a042647adb84a9cc42c982c35>:0 
  at System.IO.StreamWriter..ctor (System.String path, System.Boolean append, System.Text.Encoding encoding) [0x00000] in <231f6c5a042647adb84a9cc42c982c35>:0 
  at (wrapper remoting-invoke-with-check) System.IO.StreamWriter..ctor(string,bool,System.Text.Encoding)
  at BepInEx.Configuration.ConfigFile.Save () [0x0002f] in <52a40f0507f5457b96494c74b45447c9>:0 
  at BepInEx.Configuration.ConfigFile.Bind[T] (BepInEx.Configuration.ConfigDefinition configDefinition, T defaultValue, BepInEx.Configuration.ConfigDescription configDescription) [0x000cd] in <52a40f0507f5457b96494c74b45447c9>:0 
  at BepInEx.Configuration.ConfigFile.Bind[T] (System.String section, System.String key, T defaultValue, System.String description) [0x00017] in <52a40f0507f5457b96494c74b45447c9>:0 
  at BepInEx.Preloader.Core.Patching.AssemblyPatcher..cctor () [0x00047] in <431edd8a190e4d69b12ce4097765ed43>:0 
   --- End of inner exception stack trace ---
  at BepInEx.Preloader.Unity.UnityPreloader.Run () [0x0021c] in <0a3cbb2b4e0845f19cd08b8660dd775f>:0 